   1              	 .cpu cortex-m3
   2              	 .eabi_attribute 20,1
   3              	 .eabi_attribute 21,1
   4              	 .eabi_attribute 23,3
   5              	 .eabi_attribute 24,1
   6              	 .eabi_attribute 25,1
   7              	 .eabi_attribute 26,1
   8              	 .eabi_attribute 30,6
   9              	 .eabi_attribute 34,1
  10              	 .eabi_attribute 18,4
  11              	 .file "led.c"
  12              	 .text
  13              	.Ltext0:
  14              	 .cfi_sections .debug_frame
  15              	 .section .bss.cpu_irq_critical_section_counter,"aw",%nobits
  16              	 .align 2
  19              	cpu_irq_critical_section_counter:
  20 0000 00000000 	 .space 4
  21              	 .section .bss.cpu_irq_prev_interrupt_state,"aw",%nobits
  24              	cpu_irq_prev_interrupt_state:
  25 0000 00       	 .space 1
  26              	 .section .rodata.LED_DESCRIPTOR,"a"
  27              	 .align 2
  30              	LED_DESCRIPTOR:
  31 0000 1D000000 	 .word 29
  32 0004 01000000 	 .word 1
  33 0008 1F000000 	 .word 31
  34 000c 01000000 	 .word 1
  35              	 .section .text.LED_Off,"ax",%progbits
  36              	 .align 1
  37              	 .global LED_Off
  38              	 .arch armv7-m
  39              	 .syntax unified
  40              	 .thumb
  41              	 .thumb_func
  42              	 .fpu softvfp
  44              	LED_Off:
  45              	.LFB69:
  46              	 .file 1 ".././hal/sam3u1c/led.c"
   1:.././hal/sam3u1c/led.c **** /**
   2:.././hal/sam3u1c/led.c ****  * \file
   3:.././hal/sam3u1c/led.c ****  *
   4:.././hal/sam3u1c/led.c ****  * \brief SAM3U-EK LEDs support package.
   5:.././hal/sam3u1c/led.c ****  *
   6:.././hal/sam3u1c/led.c ****  * Copyright (c) 2011-2012 Atmel Corporation. All rights reserved.
   7:.././hal/sam3u1c/led.c ****  *
   8:.././hal/sam3u1c/led.c ****  * \asf_license_start
   9:.././hal/sam3u1c/led.c ****  *
  10:.././hal/sam3u1c/led.c ****  * \page License
  11:.././hal/sam3u1c/led.c ****  *
  12:.././hal/sam3u1c/led.c ****  * Redistribution and use in source and binary forms, with or without
  13:.././hal/sam3u1c/led.c ****  * modification, are permitted provided that the following conditions are met:
  14:.././hal/sam3u1c/led.c ****  *
  15:.././hal/sam3u1c/led.c ****  * 1. Redistributions of source code must retain the above copyright notice,
  16:.././hal/sam3u1c/led.c ****  *    this list of conditions and the following disclaimer.
  17:.././hal/sam3u1c/led.c ****  *
  18:.././hal/sam3u1c/led.c ****  * 2. Redistributions in binary form must reproduce the above copyright notice,
  19:.././hal/sam3u1c/led.c ****  *    this list of conditions and the following disclaimer in the documentation
  20:.././hal/sam3u1c/led.c ****  *    and/or other materials provided with the distribution.
  21:.././hal/sam3u1c/led.c ****  *
  22:.././hal/sam3u1c/led.c ****  * 3. The name of Atmel may not be used to endorse or promote products derived
  23:.././hal/sam3u1c/led.c ****  *    from this software without specific prior written permission.
  24:.././hal/sam3u1c/led.c ****  *
  25:.././hal/sam3u1c/led.c ****  * 4. This software may only be redistributed and used in connection with an
  26:.././hal/sam3u1c/led.c ****  *    Atmel microcontroller product.
  27:.././hal/sam3u1c/led.c ****  *
  28:.././hal/sam3u1c/led.c ****  * THIS SOFTWARE IS PROVIDED BY ATMEL "AS IS" AND ANY EXPRESS OR IMPLIED
  29:.././hal/sam3u1c/led.c ****  * WARRANTIES, INCLUDING, BUT NOT LIMITED TO, THE IMPLIED WARRANTIES OF
  30:.././hal/sam3u1c/led.c ****  * MERCHANTABILITY, FITNESS FOR A PARTICULAR PURPOSE AND NON-INFRINGEMENT ARE
  31:.././hal/sam3u1c/led.c ****  * EXPRESSLY AND SPECIFICALLY DISCLAIMED. IN NO EVENT SHALL ATMEL BE LIABLE FOR
  32:.././hal/sam3u1c/led.c ****  * ANY DIRECT, INDIRECT, INCIDENTAL, SPECIAL, EXEMPLARY, OR CONSEQUENTIAL
  33:.././hal/sam3u1c/led.c ****  * DAMAGES (INCLUDING, BUT NOT LIMITED TO, PROCUREMENT OF SUBSTITUTE GOODS
  34:.././hal/sam3u1c/led.c ****  * OR SERVICES; LOSS OF USE, DATA, OR PROFITS; OR BUSINESS INTERRUPTION)
  35:.././hal/sam3u1c/led.c ****  * HOWEVER CAUSED AND ON ANY THEORY OF LIABILITY, WHETHER IN CONTRACT,
  36:.././hal/sam3u1c/led.c ****  * STRICT LIABILITY, OR TORT (INCLUDING NEGLIGENCE OR OTHERWISE) ARISING IN
  37:.././hal/sam3u1c/led.c ****  * ANY WAY OUT OF THE USE OF THIS SOFTWARE, EVEN IF ADVISED OF THE
  38:.././hal/sam3u1c/led.c ****  * POSSIBILITY OF SUCH DAMAGE.
  39:.././hal/sam3u1c/led.c ****  *
  40:.././hal/sam3u1c/led.c ****  * \asf_license_stop
  41:.././hal/sam3u1c/led.c ****  *
  42:.././hal/sam3u1c/led.c ****  */
  43:.././hal/sam3u1c/led.c **** 
  44:.././hal/sam3u1c/led.c **** #include "board.h"
  45:.././hal/sam3u1c/led.c **** #include "led.h"
  46:.././hal/sam3u1c/led.c **** #include "gpio.h"
  47:.././hal/sam3u1c/led.c **** 
  48:.././hal/sam3u1c/led.c **** #define ACTIVE_LEVEL_IS_HIGH 1
  49:.././hal/sam3u1c/led.c **** 
  50:.././hal/sam3u1c/led.c **** typedef const struct
  51:.././hal/sam3u1c/led.c **** {
  52:.././hal/sam3u1c/led.c ****     uint32_t ul_port_id;      //!< LED GPIO port.
  53:.././hal/sam3u1c/led.c ****     uint32_t ul_active_level; //!< Active level of the LED.
  54:.././hal/sam3u1c/led.c **** } tLED_DESCRIPTOR;
  55:.././hal/sam3u1c/led.c **** 
  56:.././hal/sam3u1c/led.c **** //! Hardware descriptors of all LEDs.
  57:.././hal/sam3u1c/led.c **** static tLED_DESCRIPTOR LED_DESCRIPTOR[BOARD_NUM_OF_LED] =
  58:.././hal/sam3u1c/led.c **** {
  59:.././hal/sam3u1c/led.c **** #define INSERT_LED_DESCRIPTOR(LED_NO, unused)      \
  60:.././hal/sam3u1c/led.c ****   {                                                \
  61:.././hal/sam3u1c/led.c ****     LED##LED_NO##_GPIO, LED##LED_NO##_ACTIVE_LEVEL \
  62:.././hal/sam3u1c/led.c ****   },
  63:.././hal/sam3u1c/led.c ****   MREPEAT(BOARD_NUM_OF_LED, INSERT_LED_DESCRIPTOR, ~)
  64:.././hal/sam3u1c/led.c **** #undef INSERT_LED_DESCRIPTOR
  65:.././hal/sam3u1c/led.c **** };
  66:.././hal/sam3u1c/led.c **** 
  67:.././hal/sam3u1c/led.c **** /*! \brief Turns off the specified LEDs.
  68:.././hal/sam3u1c/led.c ****  *
  69:.././hal/sam3u1c/led.c ****  * \param led_gpio LED to turn off (LEDx_GPIO).
  70:.././hal/sam3u1c/led.c ****  *
  71:.././hal/sam3u1c/led.c ****  * \note The pins of the specified LEDs are set to GPIO output mode.
  72:.././hal/sam3u1c/led.c ****  */
  73:.././hal/sam3u1c/led.c **** void LED_Off(uint32_t led_gpio)
  74:.././hal/sam3u1c/led.c **** {
  47              	 .loc 1 74 1
  48              	 .cfi_startproc
  49              	 
  50              	 
  51 0000 80B5     	 push {r7,lr}
  52              	.LCFI0:
  53              	 .cfi_def_cfa_offset 8
  54              	 .cfi_offset 7,-8
  55              	 .cfi_offset 14,-4
  56 0002 84B0     	 sub sp,sp,#16
  57              	.LCFI1:
  58              	 .cfi_def_cfa_offset 24
  59 0004 00AF     	 add r7,sp,#0
  60              	.LCFI2:
  61              	 .cfi_def_cfa_register 7
  62 0006 7860     	 str r0,[r7,#4]
  75:.././hal/sam3u1c/led.c **** 	uint32_t i;
  76:.././hal/sam3u1c/led.c **** 	for (i = 0; i < BOARD_NUM_OF_LED; i++) {
  63              	 .loc 1 76 9
  64 0008 0023     	 movs r3,#0
  65 000a FB60     	 str r3,[r7,#12]
  66              	 .loc 1 76 2
  67 000c 17E0     	 b .L2
  68              	.L5:
  77:.././hal/sam3u1c/led.c **** 		if (led_gpio == LED_DESCRIPTOR[i].ul_port_id) {
  69              	 .loc 1 77 36
  70 000e 0F4A     	 ldr r2,.L6
  71 0010 FB68     	 ldr r3,[r7,#12]
  72 0012 52F83330 	 ldr r3,[r2,r3,lsl#3]
  73              	 .loc 1 77 6
  74 0016 7A68     	 ldr r2,[r7,#4]
  75 0018 9A42     	 cmp r2,r3
  76 001a 0DD1     	 bne .L3
  78:.././hal/sam3u1c/led.c **** 			if (LED_DESCRIPTOR[i].ul_active_level == ACTIVE_LEVEL_IS_HIGH) {
  77              	 .loc 1 78 25
  78 001c 0B4A     	 ldr r2,.L6
  79 001e FB68     	 ldr r3,[r7,#12]
  80 0020 DB00     	 lsls r3,r3,#3
  81 0022 1344     	 add r3,r3,r2
  82 0024 5B68     	 ldr r3,[r3,#4]
  83              	 .loc 1 78 7
  84 0026 012B     	 cmp r3,#1
  85 0028 03D1     	 bne .L4
  79:.././hal/sam3u1c/led.c **** 				gpio_set_pin_low(led_gpio);
  86              	 .loc 1 79 5
  87 002a 7868     	 ldr r0,[r7,#4]
  88 002c 084B     	 ldr r3,.L6+4
  89 002e 9847     	 blx r3
  90              	.LVL0:
  91 0030 02E0     	 b .L3
  92              	.L4:
  80:.././hal/sam3u1c/led.c **** 			} else {
  81:.././hal/sam3u1c/led.c **** 				gpio_set_pin_high(led_gpio);
  93              	 .loc 1 81 5
  94 0032 7868     	 ldr r0,[r7,#4]
  95 0034 074B     	 ldr r3,.L6+8
  96 0036 9847     	 blx r3
  97              	.LVL1:
  98              	.L3:
  76:.././hal/sam3u1c/led.c **** 		if (led_gpio == LED_DESCRIPTOR[i].ul_port_id) {
  99              	 .loc 1 76 37 discriminator 2
 100 0038 FB68     	 ldr r3,[r7,#12]
 101 003a 0133     	 adds r3,r3,#1
 102 003c FB60     	 str r3,[r7,#12]
 103              	.L2:
  76:.././hal/sam3u1c/led.c **** 		if (led_gpio == LED_DESCRIPTOR[i].ul_port_id) {
 104              	 .loc 1 76 2 discriminator 1
 105 003e FB68     	 ldr r3,[r7,#12]
 106 0040 012B     	 cmp r3,#1
 107 0042 E4D9     	 bls .L5
  82:.././hal/sam3u1c/led.c **** 			}
  83:.././hal/sam3u1c/led.c **** 		}
  84:.././hal/sam3u1c/led.c **** 	}
  85:.././hal/sam3u1c/led.c **** }
 108              	 .loc 1 85 1
 109 0044 00BF     	 nop
 110 0046 1037     	 adds r7,r7,#16
 111              	.LCFI3:
 112              	 .cfi_def_cfa_offset 8
 113 0048 BD46     	 mov sp,r7
 114              	.LCFI4:
 115              	 .cfi_def_cfa_register 13
 116              	 
 117 004a 80BD     	 pop {r7,pc}
 118              	.L7:
 119              	 .align 2
 120              	.L6:
 121 004c 00000000 	 .word LED_DESCRIPTOR
 122 0050 00000000 	 .word pio_set_pin_low
 123 0054 00000000 	 .word pio_set_pin_high
 124              	 .cfi_endproc
 125              	.LFE69:
 127              	 .section .text.LED_On,"ax",%progbits
 128              	 .align 1
 129              	 .global LED_On
 130              	 .syntax unified
 131              	 .thumb
 132              	 .thumb_func
 133              	 .fpu softvfp
 135              	LED_On:
 136              	.LFB70:
  86:.././hal/sam3u1c/led.c **** 
  87:.././hal/sam3u1c/led.c **** /*! \brief Turns on the specified LEDs.
  88:.././hal/sam3u1c/led.c ****  *
  89:.././hal/sam3u1c/led.c ****  * \param led_gpio LED to turn on (LEDx_GPIO).
  90:.././hal/sam3u1c/led.c ****  *
  91:.././hal/sam3u1c/led.c ****  * \note The pins of the specified LEDs are set to GPIO output mode.
  92:.././hal/sam3u1c/led.c ****  */
  93:.././hal/sam3u1c/led.c **** void LED_On(uint32_t led_gpio)
  94:.././hal/sam3u1c/led.c **** {
 137              	 .loc 1 94 1
 138              	 .cfi_startproc
 139              	 
 140              	 
 141 0000 80B5     	 push {r7,lr}
 142              	.LCFI5:
 143              	 .cfi_def_cfa_offset 8
 144              	 .cfi_offset 7,-8
 145              	 .cfi_offset 14,-4
 146 0002 84B0     	 sub sp,sp,#16
 147              	.LCFI6:
 148              	 .cfi_def_cfa_offset 24
 149 0004 00AF     	 add r7,sp,#0
 150              	.LCFI7:
 151              	 .cfi_def_cfa_register 7
 152 0006 7860     	 str r0,[r7,#4]
  95:.././hal/sam3u1c/led.c **** 	uint32_t i;
  96:.././hal/sam3u1c/led.c **** 	for (i = 0; i < BOARD_NUM_OF_LED; i++) {
 153              	 .loc 1 96 9
 154 0008 0023     	 movs r3,#0
 155 000a FB60     	 str r3,[r7,#12]
 156              	 .loc 1 96 2
 157 000c 17E0     	 b .L9
 158              	.L12:
  97:.././hal/sam3u1c/led.c **** 		if (led_gpio == LED_DESCRIPTOR[i].ul_port_id) {
 159              	 .loc 1 97 36
 160 000e 0F4A     	 ldr r2,.L13
 161 0010 FB68     	 ldr r3,[r7,#12]
 162 0012 52F83330 	 ldr r3,[r2,r3,lsl#3]
 163              	 .loc 1 97 6
 164 0016 7A68     	 ldr r2,[r7,#4]
 165 0018 9A42     	 cmp r2,r3
 166 001a 0DD1     	 bne .L10
  98:.././hal/sam3u1c/led.c **** 			if (LED_DESCRIPTOR[i].ul_active_level == ACTIVE_LEVEL_IS_HIGH) {
 167              	 .loc 1 98 25
 168 001c 0B4A     	 ldr r2,.L13
 169 001e FB68     	 ldr r3,[r7,#12]
 170 0020 DB00     	 lsls r3,r3,#3
 171 0022 1344     	 add r3,r3,r2
 172 0024 5B68     	 ldr r3,[r3,#4]
 173              	 .loc 1 98 7
 174 0026 012B     	 cmp r3,#1
 175 0028 03D1     	 bne .L11
  99:.././hal/sam3u1c/led.c **** 				gpio_set_pin_high(led_gpio);
 176              	 .loc 1 99 5
 177 002a 7868     	 ldr r0,[r7,#4]
 178 002c 084B     	 ldr r3,.L13+4
 179 002e 9847     	 blx r3
 180              	.LVL2:
 181 0030 02E0     	 b .L10
 182              	.L11:
 100:.././hal/sam3u1c/led.c **** 			} else {
 101:.././hal/sam3u1c/led.c **** 				gpio_set_pin_low(led_gpio);
 183              	 .loc 1 101 5
 184 0032 7868     	 ldr r0,[r7,#4]
 185 0034 074B     	 ldr r3,.L13+8
 186 0036 9847     	 blx r3
 187              	.LVL3:
 188              	.L10:
  96:.././hal/sam3u1c/led.c **** 		if (led_gpio == LED_DESCRIPTOR[i].ul_port_id) {
 189              	 .loc 1 96 37 discriminator 2
 190 0038 FB68     	 ldr r3,[r7,#12]
 191 003a 0133     	 adds r3,r3,#1
 192 003c FB60     	 str r3,[r7,#12]
 193              	.L9:
  96:.././hal/sam3u1c/led.c **** 		if (led_gpio == LED_DESCRIPTOR[i].ul_port_id) {
 194              	 .loc 1 96 2 discriminator 1
 195 003e FB68     	 ldr r3,[r7,#12]
 196 0040 012B     	 cmp r3,#1
 197 0042 E4D9     	 bls .L12
 102:.././hal/sam3u1c/led.c **** 			}
 103:.././hal/sam3u1c/led.c **** 		}
 104:.././hal/sam3u1c/led.c **** 	}
 105:.././hal/sam3u1c/led.c **** }
 198              	 .loc 1 105 1
 199 0044 00BF     	 nop
 200 0046 1037     	 adds r7,r7,#16
 201              	.LCFI8:
 202              	 .cfi_def_cfa_offset 8
 203 0048 BD46     	 mov sp,r7
 204              	.LCFI9:
 205              	 .cfi_def_cfa_register 13
 206              	 
 207 004a 80BD     	 pop {r7,pc}
 208              	.L14:
 209              	 .align 2
 210              	.L13:
 211 004c 00000000 	 .word LED_DESCRIPTOR
 212 0050 00000000 	 .word pio_set_pin_high
 213 0054 00000000 	 .word pio_set_pin_low
 214              	 .cfi_endproc
 215              	.LFE70:
 217              	 .text
 218              	.Letext0:
 219              	 .file 2 "c:\\program files (x86)\\gnu tools arm embedded\\8 2018-q4-major\\arm-none-eabi\\include\\machine\\_default_types.h"
 220              	 .file 3 "c:\\program files (x86)\\gnu tools arm embedded\\8 2018-q4-major\\arm-none-eabi\\include\\sys\\_stdint.h"
 221              	 .file 4 ".././hal/sam3u1c/inc/core_cm3.h"
 222              	 .file 5 ".././hal/sam3u1c/inc/system_sam3u.h"
 223              	 .file 6 "c:\\program files (x86)\\gnu tools arm embedded\\8 2018-q4-major\\arm-none-eabi\\include\\sys\\lock.h"
 224              	 .file 7 "c:\\program files (x86)\\gnu tools arm embedded\\8 2018-q4-major\\arm-none-eabi\\include\\sys\\_types.h"
 225              	 .file 8 "c:\\program files (x86)\\gnu tools arm embedded\\8 2018-q4-major\\lib\\gcc\\arm-none-eabi\\8.2.1\\include\\stddef.h"
 226              	 .file 9 "c:\\program files (x86)\\gnu tools arm embedded\\8 2018-q4-major\\arm-none-eabi\\include\\sys\\reent.h"
 227              	 .file 10 "c:\\program files (x86)\\gnu tools arm embedded\\8 2018-q4-major\\arm-none-eabi\\include\\stdlib.h"
 228              	 .file 11 ".././hal/sam3u1c/inc/interrupt/interrupt_sam_nvic.h"
 229              	 .file 12 ".././hal/sam3u1c/inc/pio.h"
DEFINED SYMBOLS
                            *ABS*:00000000 led.c
    {standard input}:16     .bss.cpu_irq_critical_section_counter:00000000 $d
    {standard input}:19     .bss.cpu_irq_critical_section_counter:00000000 cpu_irq_critical_section_counter
    {standard input}:24     .bss.cpu_irq_prev_interrupt_state:00000000 cpu_irq_prev_interrupt_state
    {standard input}:25     .bss.cpu_irq_prev_interrupt_state:00000000 $d
    {standard input}:27     .rodata.LED_DESCRIPTOR:00000000 $d
    {standard input}:30     .rodata.LED_DESCRIPTOR:00000000 LED_DESCRIPTOR
    {standard input}:36     .text.LED_Off:00000000 $t
    {standard input}:44     .text.LED_Off:00000000 LED_Off
    {standard input}:121    .text.LED_Off:0000004c $d
    {standard input}:128    .text.LED_On:00000000 $t
    {standard input}:135    .text.LED_On:00000000 LED_On
    {standard input}:211    .text.LED_On:0000004c $d
                           .group:00000000 wm4.0.bacf6c85951b42af729d707f36a7fff6
                           .group:00000000 wm4.stddef.h.39.99b5021e28f91cdb161c889e07266673
                           .group:00000000 wm4.parts.h.45.afc900689b2c82332e69d798acedc875
                           .group:00000000 wm4.tpaste.h.45.af3ee36765243b162c88f7f944858426
                           .group:00000000 wm4.stringz.h.45.c4f6cbe0005e6c1d2139bc6c0e4f4722
                           .group:00000000 wm4.mrepeat.h.59.c5daaed201a4340b0edf435161d0b77f
                           .group:00000000 wm4._newlib_version.h.4.875b979a44719054cd750d0952ad3fd6
                           .group:00000000 wm4.features.h.33.5bd1eea2d80518b50f7af0b5ce6750e0
                           .group:00000000 wm4._default_types.h.15.247e5cd201eca3442cbf5404108c4935
                           .group:00000000 wm4._intsup.h.10.cce27fed8484c08a33f522034c30d2b5
                           .group:00000000 wm4._stdint.h.10.c24fa3af3bc1706662bb5593a907e841
                           .group:00000000 wm4.stdint.h.23.d53047a68f4a85177f80b422d52785ed
                           .group:00000000 wm4.sam3u1c.h.220.c0b54b5a55bc87791749ae17b1487779
                           .group:00000000 wm4.core_cm3.h.32.5c59c312db585622d253fdb887b0afb1
                           .group:00000000 wm4.core_cmInstr.h.25.d8165482ef3061013a2fc83e2d85f3d9
                           .group:00000000 wm4.core_cm3.h.127.b561404f2a159dc517b409bc244d16c1
                           .group:00000000 wm4.component_adc.h.43.d49887380d07d1cd08cc4e37b3485e31
                           .group:00000000 wm4.component_adc12b.h.43.eadc09f1073923fb91f1f393cc397dcb
                           .group:00000000 wm4.component_chipid.h.43.15825c969b1cc9eeea3d9416499874c8
                           .group:00000000 wm4.component_dmac.h.43.cc8187b1cf6bfeadc91b14fdd28b9e8b
                           .group:00000000 wm4.component_efc.h.43.cb1b3997ad9ea3733ad421ecbfd02fdd
                           .group:00000000 wm4.component_gpbr.h.43.49b7e13894fe38b29f2243bbbe530227
                           .group:00000000 wm4.component_hsmci.h.43.7b7194c92e1480c038f3342f7cec440a
                           .group:00000000 wm4.component_matrix.h.43.1d209838fb75b4827119203a357141ee
                           .group:00000000 wm4.component_pdc.h.43.19528a5f9ef5a348234ea06f89069c55
                           .group:00000000 wm4.component_pio.h.43.163b46c3683ccf92e8de39a5554f50e8
                           .group:00000000 wm4.component_pmc.h.43.ee4f030602866917aeed15fb2b948de8
                           .group:00000000 wm4.component_pwm.h.43.ab6262a86f0aea354b43fe6dce7e7eb3
                           .group:00000000 wm4.component_rstc.h.43.4eb59dc2ddcf585fabf251d0c329fcdd
                           .group:00000000 wm4.component_rtc.h.43.ba8ccafc772b11d562a3cceab8b95072
                           .group:00000000 wm4.component_rtt.h.43.3206ef8f067e5e747c3c4c7e719c1429
                           .group:00000000 wm4.component_smc.h.43.907847915f1a5616734199d7e34424fa
                           .group:00000000 wm4.component_spi.h.43.a2a09df64ab768c0a32be55285c74ded
                           .group:00000000 wm4.component_ssc.h.43.d7c78f990c13fc511671b64798c4bcd0
                           .group:00000000 wm4.component_supc.h.43.7d17f8e5ed3ba815e84381152735062f
                           .group:00000000 wm4.component_tc.h.43.662eac8137408372b4f9d26c0b5f8621
                           .group:00000000 wm4.component_twi.h.43.eda18625bd851fc4605861f5b3240c0b
                           .group:00000000 wm4.component_uart.h.43.2d92735c5ea05c973661e1ba99a2f37c
                           .group:00000000 wm4.component_udphs.h.43.21cecd26a4e44df0013037f29f2716e4
                           .group:00000000 wm4.component_usart.h.43.7872f8f455adb38b67b9fbdb15657fbe
                           .group:00000000 wm4.component_wdt.h.43.e31e10a5469b62c3660b49ab250f802f
                           .group:00000000 wm4.instance_hsmci.h.43.e233236cc7fd5a805539a7ecc0e1d8d2
                           .group:00000000 wm4.instance_ssc.h.43.c0cfabc3b9f3bb60745c913111bce965
                           .group:00000000 wm4.instance_spi.h.43.570ae46af19e4179d9796872b9a8b9bc
                           .group:00000000 wm4.instance_tc0.h.43.049b3a82387d2961594190609e896a29
                           .group:00000000 wm4.instance_twi0.h.43.255dc0afa9e0d45eaea0a935eca2f103
                           .group:00000000 wm4.instance_twi1.h.43.652d1d407893f259f2a817544ba662c2
                           .group:00000000 wm4.instance_pwm.h.43.88294acec3ca56d6fc521038521a1567
                           .group:00000000 wm4.instance_usart0.h.43.e26677512aee3dd3bedd71d394410000
                           .group:00000000 wm4.instance_usart1.h.43.1ba97dbc6610d9fb3132b9d845688201
                           .group:00000000 wm4.instance_usart2.h.43.baa1bf30b3c5acdee90c4a1f50fe9ebd
                           .group:00000000 wm4.instance_udphs.h.43.b1ce94181e0d1f22877b81c6040a4363
                           .group:00000000 wm4.instance_adc12b.h.43.d73ed59e867ccdfdb846d9ef32a50c0c
                           .group:00000000 wm4.instance_adc.h.43.2b7611a00afeb4c555339b844d4b8456
                           .group:00000000 wm4.instance_dmac.h.43.ee72691d84889c8f285932be4a075ddb
                           .group:00000000 wm4.instance_smc.h.43.29610fd00979caaaa65821ad40e9da06
                           .group:00000000 wm4.instance_matrix.h.43.01ee474141594385374c41a29daeeefe
                           .group:00000000 wm4.instance_pmc.h.43.37430325ed7b8b24c3fe640c41c29ef5
                           .group:00000000 wm4.instance_uart.h.43.bd378395ba022bc8670c82ebe656fbbd
                           .group:00000000 wm4.instance_chipid.h.43.29cd8fb600f149aa58830fcc78fe36f9
                           .group:00000000 wm4.instance_efc0.h.43.6b85dba20721a7e9fc4350e78d193680
                           .group:00000000 wm4.instance_efc1.h.43.2c5e94fc4d2742678318d73450d08d57
                           .group:00000000 wm4.instance_pioa.h.43.eeb46cc3bfe01a1f28e67aa3a6851ed8
                           .group:00000000 wm4.instance_piob.h.43.652ce26b6c37ac56f9ed42a9216d9aca
                           .group:00000000 wm4.instance_rstc.h.43.c5de224364a50a85f237c0b864aa4c8f
                           .group:00000000 wm4.instance_supc.h.43.a5f1a5ca08f468ccf34ed3653e045f1f
                           .group:00000000 wm4.instance_rtt.h.43.8622b192c23334996132415e3095df7f
                           .group:00000000 wm4.instance_wdt.h.43.407ea53e133eacf09acf2c7fcb6b7524
                           .group:00000000 wm4.instance_rtc.h.43.f70b77f9180401c8d9d920cb4a1cd166
                           .group:00000000 wm4.instance_gpbr.h.43.9066cb40d557f6755101368854272348
                           .group:00000000 wm4.sam3u1c.h.312.ae446d8e874d34ca3df78faf190c678f
                           .group:00000000 wm4.pio_sam3u1c.h.43.18b24f16e1710ff2a400d88fe33c5107
                           .group:00000000 wm4.sam3u1c.h.442.cd4bbc3af493e98bc9b60c2905132ed0
                           .group:00000000 wm4.newlib.h.8.f6e543eac3f2f65163ba2ffe3b04987b
                           .group:00000000 wm4.ieeefp.h.77.d5685ba212d3ed6e914898d045f873e3
                           .group:00000000 wm4.config.h.220.6cac6a9685cfce5e83c17784171638d9
                           .group:00000000 wm4._ansi.h.31.de524f58584151836e90d8620a16f8e8
                           .group:00000000 wm4.stdio.h.31.7c0e28c411445f3f9c5b11accf882760
                           .group:00000000 wm4.stddef.h.161.19e15733342b50ead2919490b095303e
                           .group:00000000 wm4.cdefs.h.49.2bf373aedffd8b393ccd11dc057e8547
                           .group:00000000 wm4.stdarg.h.34.3a23a216c0c293b3d2ea2e89281481e6
                           .group:00000000 wm4.lock.h.2.1461d1fff82dffe8bfddc23307f6484f
                           .group:00000000 wm4._types.h.125.5cf8a495f1f7ef36777ad868a1e32068
                           .group:00000000 wm4.stddef.h.161.5349cb105733e8777bfb0cf53c4e3f34
                           .group:00000000 wm4._types.h.184.03611d4f6b5bec9997bcf4279eceba07
                           .group:00000000 wm4.reent.h.17.90c2574d4acdcfce933db5cb09ff35fe
                           .group:00000000 wm4.types.h.40.e8c16e7ec36ba55f133d0616070e25fc
                           .group:00000000 wm4._endian.h.31.65a10590763c3dde1ac4a7f66d7d4891
                           .group:00000000 wm4.endian.h.9.49f3a4695c1b61e8a0808de3c4a106cb
                           .group:00000000 wm4._timeval.h.30.0e8bfd94e85db17dda3286ee81496fe6
                           .group:00000000 wm4.timespec.h.41.d855182eb0e690443ab8651bcedca6e1
                           .group:00000000 wm4.select.h.19.97ca6fd0c752a0f3b6719fd314d361e6
                           .group:00000000 wm4.types.h.69.ed3eae3cf73030a737515151ebcab7a1
                           .group:00000000 wm4.sched.h.22.c60982713a5c428609783c78f9c78d95
                           .group:00000000 wm4._pthreadtypes.h.36.fcee9961c35163dde6267ef772ad1972
                           .group:00000000 wm4.stdio.h.2.4aa87247282eca6c8f36f9de33d8df1a
                           .group:00000000 wm4.stdio.h.81.932d0c162786b883f622b8d05c120c78
                           .group:00000000 wm4.stdbool.h.29.07dce69c3b78884144b7f7bd19483461
                           .group:00000000 wm4.stdlib.h.13.4ed386f5c1a80d71e72172885d946ef2
                           .group:00000000 wm4.alloca.h.8.dfc0c703c47ec3e69746825b17d9e66d
                           .group:00000000 wm4.stdlib.h.56.d4493cd3736e51e9d56335045f26df45
                           .group:00000000 wm4.compiler.h.88.0e6ad966134fa012ce9a34053d3f48aa
                           .group:00000000 wm4.interrupt_sam_nvic.h.45.4876da6c127868305d66389e87e0876f
                           .group:00000000 wm4.compiler.h.425.66dd29c210af3287ed85ec3553a3e6b1
                           .group:00000000 wm4.board.h.69.3670053ec9e880dbc2016be2b8dca792
                           .group:00000000 wm4.cw521.h.62.d34c289ace4a92d90be8fb389db40479
                           .group:00000000 wm4.pio.h.45.95f22b0ea02ddc698ec54fc56bf6f38c
                           .group:00000000 wm4.sam_gpio.h.50.76a45c51855d665134f8211cd601d693

UNDEFINED SYMBOLS
pio_set_pin_low
pio_set_pin_high
