   1              	 .cpu cortex-m3
   2              	 .eabi_attribute 20,1
   3              	 .eabi_attribute 21,1
   4              	 .eabi_attribute 23,3
   5              	 .eabi_attribute 24,1
   6              	 .eabi_attribute 25,1
   7              	 .eabi_attribute 26,1
   8              	 .eabi_attribute 30,6
   9              	 .eabi_attribute 34,1
  10              	 .eabi_attribute 18,4
  11              	 .file "read.c"
  12              	 .text
  13              	.Ltext0:
  14              	 .cfi_sections .debug_frame
  15              	 .section .bss.cpu_irq_critical_section_counter,"aw",%nobits
  16              	 .align 2
  19              	cpu_irq_critical_section_counter:
  20 0000 00000000 	 .space 4
  21              	 .section .bss.cpu_irq_prev_interrupt_state,"aw",%nobits
  24              	cpu_irq_prev_interrupt_state:
  25 0000 00       	 .space 1
  26              	 .comm ptr_get,4,4
  27              	 .section .text._read,"ax",%progbits
  28              	 .align 1
  29              	 .weak _read
  30              	 .arch armv7-m
  31              	 .syntax unified
  32              	 .thumb
  33              	 .thumb_func
  34              	 .fpu softvfp
  36              	_read:
  37              	.LFB69:
  38              	 .file 1 ".././hal/sam3u1c/read.c"
   1:.././hal/sam3u1c/read.c **** /**
   2:.././hal/sam3u1c/read.c ****  * \file
   3:.././hal/sam3u1c/read.c ****  *
   4:.././hal/sam3u1c/read.c ****  * \brief System-specific implementation of the \ref _read function used by
   5:.././hal/sam3u1c/read.c ****  *         the standard library.
   6:.././hal/sam3u1c/read.c ****  *
   7:.././hal/sam3u1c/read.c ****  * Copyright (c) 2009-2013 Atmel Corporation. All rights reserved.
   8:.././hal/sam3u1c/read.c ****  *
   9:.././hal/sam3u1c/read.c ****  * \asf_license_start
  10:.././hal/sam3u1c/read.c ****  *
  11:.././hal/sam3u1c/read.c ****  * \page License
  12:.././hal/sam3u1c/read.c ****  *
  13:.././hal/sam3u1c/read.c ****  * Redistribution and use in source and binary forms, with or without
  14:.././hal/sam3u1c/read.c ****  * modification, are permitted provided that the following conditions are met:
  15:.././hal/sam3u1c/read.c ****  *
  16:.././hal/sam3u1c/read.c ****  * 1. Redistributions of source code must retain the above copyright notice,
  17:.././hal/sam3u1c/read.c ****  *    this list of conditions and the following disclaimer.
  18:.././hal/sam3u1c/read.c ****  *
  19:.././hal/sam3u1c/read.c ****  * 2. Redistributions in binary form must reproduce the above copyright notice,
  20:.././hal/sam3u1c/read.c ****  *    this list of conditions and the following disclaimer in the documentation
  21:.././hal/sam3u1c/read.c ****  *    and/or other materials provided with the distribution.
  22:.././hal/sam3u1c/read.c ****  *
  23:.././hal/sam3u1c/read.c ****  * 3. The name of Atmel may not be used to endorse or promote products derived
  24:.././hal/sam3u1c/read.c ****  *    from this software without specific prior written permission.
  25:.././hal/sam3u1c/read.c ****  *
  26:.././hal/sam3u1c/read.c ****  * 4. This software may only be redistributed and used in connection with an
  27:.././hal/sam3u1c/read.c ****  *    Atmel microcontroller product.
  28:.././hal/sam3u1c/read.c ****  *
  29:.././hal/sam3u1c/read.c ****  * THIS SOFTWARE IS PROVIDED BY ATMEL "AS IS" AND ANY EXPRESS OR IMPLIED
  30:.././hal/sam3u1c/read.c ****  * WARRANTIES, INCLUDING, BUT NOT LIMITED TO, THE IMPLIED WARRANTIES OF
  31:.././hal/sam3u1c/read.c ****  * MERCHANTABILITY, FITNESS FOR A PARTICULAR PURPOSE AND NON-INFRINGEMENT ARE
  32:.././hal/sam3u1c/read.c ****  * EXPRESSLY AND SPECIFICALLY DISCLAIMED. IN NO EVENT SHALL ATMEL BE LIABLE FOR
  33:.././hal/sam3u1c/read.c ****  * ANY DIRECT, INDIRECT, INCIDENTAL, SPECIAL, EXEMPLARY, OR CONSEQUENTIAL
  34:.././hal/sam3u1c/read.c ****  * DAMAGES (INCLUDING, BUT NOT LIMITED TO, PROCUREMENT OF SUBSTITUTE GOODS
  35:.././hal/sam3u1c/read.c ****  * OR SERVICES; LOSS OF USE, DATA, OR PROFITS; OR BUSINESS INTERRUPTION)
  36:.././hal/sam3u1c/read.c ****  * HOWEVER CAUSED AND ON ANY THEORY OF LIABILITY, WHETHER IN CONTRACT,
  37:.././hal/sam3u1c/read.c ****  * STRICT LIABILITY, OR TORT (INCLUDING NEGLIGENCE OR OTHERWISE) ARISING IN
  38:.././hal/sam3u1c/read.c ****  * ANY WAY OUT OF THE USE OF THIS SOFTWARE, EVEN IF ADVISED OF THE
  39:.././hal/sam3u1c/read.c ****  * POSSIBILITY OF SUCH DAMAGE.
  40:.././hal/sam3u1c/read.c ****  *
  41:.././hal/sam3u1c/read.c ****  * \asf_license_stop
  42:.././hal/sam3u1c/read.c ****  *
  43:.././hal/sam3u1c/read.c ****  */
  44:.././hal/sam3u1c/read.c **** 
  45:.././hal/sam3u1c/read.c **** #include "compiler.h"
  46:.././hal/sam3u1c/read.c **** 
  47:.././hal/sam3u1c/read.c **** /**
  48:.././hal/sam3u1c/read.c ****  * \defgroup group_common_utils_stdio Standard I/O (stdio)
  49:.././hal/sam3u1c/read.c ****  *
  50:.././hal/sam3u1c/read.c ****  * Common standard I/O driver that implements the stdio
  51:.././hal/sam3u1c/read.c ****  * read and write functions on AVR and SAM devices.
  52:.././hal/sam3u1c/read.c ****  *
  53:.././hal/sam3u1c/read.c ****  * \{
  54:.././hal/sam3u1c/read.c ****  */
  55:.././hal/sam3u1c/read.c **** 
  56:.././hal/sam3u1c/read.c **** extern volatile void *volatile stdio_base;
  57:.././hal/sam3u1c/read.c **** void (*ptr_get)(void volatile*, char*);
  58:.././hal/sam3u1c/read.c **** 
  59:.././hal/sam3u1c/read.c **** 
  60:.././hal/sam3u1c/read.c **** // IAR common implementation
  61:.././hal/sam3u1c/read.c **** #if ( defined(__ICCAVR32__) || defined(__ICCAVR__) || defined(__ICCARM__) )
  62:.././hal/sam3u1c/read.c **** 
  63:.././hal/sam3u1c/read.c **** #include <yfuns.h>
  64:.././hal/sam3u1c/read.c **** 
  65:.././hal/sam3u1c/read.c **** _STD_BEGIN
  66:.././hal/sam3u1c/read.c **** 
  67:.././hal/sam3u1c/read.c **** #pragma module_name = "?__read"
  68:.././hal/sam3u1c/read.c **** 
  69:.././hal/sam3u1c/read.c **** /*! \brief Reads a number of bytes, at most \a size, into the memory area
  70:.././hal/sam3u1c/read.c ****  *         pointed to by \a buffer.
  71:.././hal/sam3u1c/read.c ****  *
  72:.././hal/sam3u1c/read.c ****  * \param handle File handle to read from.
  73:.././hal/sam3u1c/read.c ****  * \param buffer Pointer to buffer to write read bytes to.
  74:.././hal/sam3u1c/read.c ****  * \param size Number of bytes to read.
  75:.././hal/sam3u1c/read.c ****  *
  76:.././hal/sam3u1c/read.c ****  * \return The number of bytes read, \c 0 at the end of the file, or
  77:.././hal/sam3u1c/read.c ****  *         \c _LLIO_ERROR on failure.
  78:.././hal/sam3u1c/read.c ****  */
  79:.././hal/sam3u1c/read.c **** size_t __read(int handle, unsigned char *buffer, size_t size)
  80:.././hal/sam3u1c/read.c **** {
  81:.././hal/sam3u1c/read.c **** 	int nChars = 0;
  82:.././hal/sam3u1c/read.c **** 	// This implementation only reads from stdin.
  83:.././hal/sam3u1c/read.c **** 	// For all other file handles, it returns failure.
  84:.././hal/sam3u1c/read.c **** 	if (handle != _LLIO_STDIN) {
  85:.././hal/sam3u1c/read.c **** 		return _LLIO_ERROR;
  86:.././hal/sam3u1c/read.c **** 	}
  87:.././hal/sam3u1c/read.c **** 	for (; size > 0; --size) {
  88:.././hal/sam3u1c/read.c **** 		ptr_get(stdio_base, (char*)buffer);
  89:.././hal/sam3u1c/read.c **** 		buffer++;
  90:.././hal/sam3u1c/read.c **** 		nChars++;
  91:.././hal/sam3u1c/read.c **** 	}
  92:.././hal/sam3u1c/read.c **** 	return nChars;
  93:.././hal/sam3u1c/read.c **** }
  94:.././hal/sam3u1c/read.c **** 
  95:.././hal/sam3u1c/read.c **** /*! \brief This routine is required by IAR DLIB library since EWAVR V6.10
  96:.././hal/sam3u1c/read.c ****  * the implementation is empty to be compatible with old IAR version.
  97:.././hal/sam3u1c/read.c ****  */
  98:.././hal/sam3u1c/read.c **** int __close(int handle)
  99:.././hal/sam3u1c/read.c **** {
 100:.././hal/sam3u1c/read.c **** 	UNUSED(handle);
 101:.././hal/sam3u1c/read.c **** 	return 0;
 102:.././hal/sam3u1c/read.c **** }
 103:.././hal/sam3u1c/read.c **** 
 104:.././hal/sam3u1c/read.c **** /*! \brief This routine is required by IAR DLIB library since EWAVR V6.10
 105:.././hal/sam3u1c/read.c ****  * the implementation is empty to be compatible with old IAR version.
 106:.././hal/sam3u1c/read.c ****  */
 107:.././hal/sam3u1c/read.c **** int remove(const char* val)
 108:.././hal/sam3u1c/read.c **** {
 109:.././hal/sam3u1c/read.c **** 	UNUSED(val);
 110:.././hal/sam3u1c/read.c **** 	return 0;
 111:.././hal/sam3u1c/read.c **** }
 112:.././hal/sam3u1c/read.c **** 
 113:.././hal/sam3u1c/read.c **** /*! \brief This routine is required by IAR DLIB library since EWAVR V6.10
 114:.././hal/sam3u1c/read.c ****  * the implementation is empty to be compatible with old IAR version.
 115:.././hal/sam3u1c/read.c ****  */
 116:.././hal/sam3u1c/read.c **** long __lseek(int handle, long val, int val2)
 117:.././hal/sam3u1c/read.c **** {
 118:.././hal/sam3u1c/read.c **** 	UNUSED(handle);
 119:.././hal/sam3u1c/read.c **** 	UNUSED(val2);
 120:.././hal/sam3u1c/read.c **** 	return val;
 121:.././hal/sam3u1c/read.c **** }
 122:.././hal/sam3u1c/read.c **** 
 123:.././hal/sam3u1c/read.c **** _STD_END
 124:.././hal/sam3u1c/read.c **** 
 125:.././hal/sam3u1c/read.c **** // GCC AVR32 and SAM implementation
 126:.././hal/sam3u1c/read.c **** #elif (defined(__GNUC__) && !XMEGA && !MEGA) 
 127:.././hal/sam3u1c/read.c **** 
 128:.././hal/sam3u1c/read.c **** int __attribute__((weak))
 129:.././hal/sam3u1c/read.c **** _read (int file, char * ptr, int len); // Remove GCC compiler warning
 130:.././hal/sam3u1c/read.c **** 
 131:.././hal/sam3u1c/read.c **** int __attribute__((weak))
 132:.././hal/sam3u1c/read.c **** _read (int file, char * ptr, int len)
 133:.././hal/sam3u1c/read.c **** {
  39              	 .loc 1 133 1
  40              	 .cfi_startproc
  41              	 
  42              	 
  43 0000 80B5     	 push {r7,lr}
  44              	.LCFI0:
  45              	 .cfi_def_cfa_offset 8
  46              	 .cfi_offset 7,-8
  47              	 .cfi_offset 14,-4
  48 0002 86B0     	 sub sp,sp,#24
  49              	.LCFI1:
  50              	 .cfi_def_cfa_offset 32
  51 0004 00AF     	 add r7,sp,#0
  52              	.LCFI2:
  53              	 .cfi_def_cfa_register 7
  54 0006 F860     	 str r0,[r7,#12]
  55 0008 B960     	 str r1,[r7,#8]
  56 000a 7A60     	 str r2,[r7,#4]
 134:.././hal/sam3u1c/read.c **** 	int nChars = 0;
  57              	 .loc 1 134 6
  58 000c 0023     	 movs r3,#0
  59 000e 7B61     	 str r3,[r7,#20]
 135:.././hal/sam3u1c/read.c **** 
 136:.././hal/sam3u1c/read.c **** 	if (file != 0) {
  60              	 .loc 1 136 5
  61 0010 FB68     	 ldr r3,[r7,#12]
  62 0012 002B     	 cmp r3,#0
  63 0014 12D0     	 beq .L4
 137:.././hal/sam3u1c/read.c **** 		return -1;
  64              	 .loc 1 137 10
  65 0016 4FF0FF33 	 mov r3,#-1
  66 001a 13E0     	 b .L3
  67              	.L5:
 138:.././hal/sam3u1c/read.c **** 	}
 139:.././hal/sam3u1c/read.c **** 
 140:.././hal/sam3u1c/read.c **** 	for (; len > 0; --len) {
 141:.././hal/sam3u1c/read.c **** 		ptr_get(stdio_base, ptr);
  68              	 .loc 1 141 3 discriminator 2
  69 001c 0B4B     	 ldr r3,.L6
  70 001e 1B68     	 ldr r3,[r3]
  71 0020 0B4A     	 ldr r2,.L6+4
  72 0022 1268     	 ldr r2,[r2]
  73 0024 B968     	 ldr r1,[r7,#8]
  74 0026 1046     	 mov r0,r2
  75 0028 9847     	 blx r3
  76              	.LVL0:
 142:.././hal/sam3u1c/read.c **** 		ptr++;
  77              	 .loc 1 142 6 discriminator 2
  78 002a BB68     	 ldr r3,[r7,#8]
  79 002c 0133     	 adds r3,r3,#1
  80 002e BB60     	 str r3,[r7,#8]
 143:.././hal/sam3u1c/read.c **** 		nChars++;
  81              	 .loc 1 143 9 discriminator 2
  82 0030 7B69     	 ldr r3,[r7,#20]
  83 0032 0133     	 adds r3,r3,#1
  84 0034 7B61     	 str r3,[r7,#20]
 140:.././hal/sam3u1c/read.c **** 		ptr_get(stdio_base, ptr);
  85              	 .loc 1 140 18 discriminator 2
  86 0036 7B68     	 ldr r3,[r7,#4]
  87 0038 013B     	 subs r3,r3,#1
  88 003a 7B60     	 str r3,[r7,#4]
  89              	.L4:
 140:.././hal/sam3u1c/read.c **** 		ptr_get(stdio_base, ptr);
  90              	 .loc 1 140 2 discriminator 1
  91 003c 7B68     	 ldr r3,[r7,#4]
  92 003e 002B     	 cmp r3,#0
  93 0040 ECDC     	 bgt .L5
 144:.././hal/sam3u1c/read.c **** 	}
 145:.././hal/sam3u1c/read.c **** 	return nChars;
  94              	 .loc 1 145 9
  95 0042 7B69     	 ldr r3,[r7,#20]
  96              	.L3:
 146:.././hal/sam3u1c/read.c **** }
  97              	 .loc 1 146 1
  98 0044 1846     	 mov r0,r3
  99 0046 1837     	 adds r7,r7,#24
 100              	.LCFI3:
 101              	 .cfi_def_cfa_offset 8
 102 0048 BD46     	 mov sp,r7
 103              	.LCFI4:
 104              	 .cfi_def_cfa_register 13
 105              	 
 106 004a 80BD     	 pop {r7,pc}
 107              	.L7:
 108              	 .align 2
 109              	.L6:
 110 004c 00000000 	 .word ptr_get
 111 0050 00000000 	 .word stdio_base
 112              	 .cfi_endproc
 113              	.LFE69:
 115              	 .text
 116              	.Letext0:
 117              	 .file 2 "c:\\program files (x86)\\gnu tools arm embedded\\8 2018-q4-major\\arm-none-eabi\\include\\machine\\_default_types.h"
 118              	 .file 3 "c:\\program files (x86)\\gnu tools arm embedded\\8 2018-q4-major\\arm-none-eabi\\include\\sys\\_stdint.h"
 119              	 .file 4 ".././hal/sam3u1c/inc/core_cm3.h"
 120              	 .file 5 ".././hal/sam3u1c/inc/system_sam3u.h"
 121              	 .file 6 "c:\\program files (x86)\\gnu tools arm embedded\\8 2018-q4-major\\arm-none-eabi\\include\\sys\\lock.h"
 122              	 .file 7 "c:\\program files (x86)\\gnu tools arm embedded\\8 2018-q4-major\\arm-none-eabi\\include\\sys\\_types.h"
 123              	 .file 8 "c:\\program files (x86)\\gnu tools arm embedded\\8 2018-q4-major\\lib\\gcc\\arm-none-eabi\\8.2.1\\include\\stddef.h"
 124              	 .file 9 "c:\\program files (x86)\\gnu tools arm embedded\\8 2018-q4-major\\arm-none-eabi\\include\\sys\\reent.h"
 125              	 .file 10 "c:\\program files (x86)\\gnu tools arm embedded\\8 2018-q4-major\\arm-none-eabi\\include\\stdlib.h"
 126              	 .file 11 ".././hal/sam3u1c/inc/interrupt/interrupt_sam_nvic.h"
DEFINED SYMBOLS
                            *ABS*:00000000 read.c
    {standard input}:16     .bss.cpu_irq_critical_section_counter:00000000 $d
    {standard input}:19     .bss.cpu_irq_critical_section_counter:00000000 cpu_irq_critical_section_counter
    {standard input}:24     .bss.cpu_irq_prev_interrupt_state:00000000 cpu_irq_prev_interrupt_state
    {standard input}:25     .bss.cpu_irq_prev_interrupt_state:00000000 $d
                            *COM*:00000004 ptr_get
    {standard input}:28     .text._read:00000000 $t
    {standard input}:36     .text._read:00000000 _read
    {standard input}:110    .text._read:0000004c $d
                           .group:00000000 wm4.0.bacf6c85951b42af729d707f36a7fff6
                           .group:00000000 wm4.stddef.h.39.99b5021e28f91cdb161c889e07266673
                           .group:00000000 wm4.parts.h.45.afc900689b2c82332e69d798acedc875
                           .group:00000000 wm4.tpaste.h.45.af3ee36765243b162c88f7f944858426
                           .group:00000000 wm4.stringz.h.45.c4f6cbe0005e6c1d2139bc6c0e4f4722
                           .group:00000000 wm4.mrepeat.h.59.c5daaed201a4340b0edf435161d0b77f
                           .group:00000000 wm4._newlib_version.h.4.875b979a44719054cd750d0952ad3fd6
                           .group:00000000 wm4.features.h.33.5bd1eea2d80518b50f7af0b5ce6750e0
                           .group:00000000 wm4._default_types.h.15.247e5cd201eca3442cbf5404108c4935
                           .group:00000000 wm4._intsup.h.10.cce27fed8484c08a33f522034c30d2b5
                           .group:00000000 wm4._stdint.h.10.c24fa3af3bc1706662bb5593a907e841
                           .group:00000000 wm4.stdint.h.23.d53047a68f4a85177f80b422d52785ed
                           .group:00000000 wm4.sam3u1c.h.220.c0b54b5a55bc87791749ae17b1487779
                           .group:00000000 wm4.core_cm3.h.32.5c59c312db585622d253fdb887b0afb1
                           .group:00000000 wm4.core_cmInstr.h.25.d8165482ef3061013a2fc83e2d85f3d9
                           .group:00000000 wm4.core_cm3.h.127.b561404f2a159dc517b409bc244d16c1
                           .group:00000000 wm4.component_adc.h.43.d49887380d07d1cd08cc4e37b3485e31
                           .group:00000000 wm4.component_adc12b.h.43.eadc09f1073923fb91f1f393cc397dcb
                           .group:00000000 wm4.component_chipid.h.43.15825c969b1cc9eeea3d9416499874c8
                           .group:00000000 wm4.component_dmac.h.43.cc8187b1cf6bfeadc91b14fdd28b9e8b
                           .group:00000000 wm4.component_efc.h.43.cb1b3997ad9ea3733ad421ecbfd02fdd
                           .group:00000000 wm4.component_gpbr.h.43.49b7e13894fe38b29f2243bbbe530227
                           .group:00000000 wm4.component_hsmci.h.43.7b7194c92e1480c038f3342f7cec440a
                           .group:00000000 wm4.component_matrix.h.43.1d209838fb75b4827119203a357141ee
                           .group:00000000 wm4.component_pdc.h.43.19528a5f9ef5a348234ea06f89069c55
                           .group:00000000 wm4.component_pio.h.43.163b46c3683ccf92e8de39a5554f50e8
                           .group:00000000 wm4.component_pmc.h.43.ee4f030602866917aeed15fb2b948de8
                           .group:00000000 wm4.component_pwm.h.43.ab6262a86f0aea354b43fe6dce7e7eb3
                           .group:00000000 wm4.component_rstc.h.43.4eb59dc2ddcf585fabf251d0c329fcdd
                           .group:00000000 wm4.component_rtc.h.43.ba8ccafc772b11d562a3cceab8b95072
                           .group:00000000 wm4.component_rtt.h.43.3206ef8f067e5e747c3c4c7e719c1429
                           .group:00000000 wm4.component_smc.h.43.907847915f1a5616734199d7e34424fa
                           .group:00000000 wm4.component_spi.h.43.a2a09df64ab768c0a32be55285c74ded
                           .group:00000000 wm4.component_ssc.h.43.d7c78f990c13fc511671b64798c4bcd0
                           .group:00000000 wm4.component_supc.h.43.7d17f8e5ed3ba815e84381152735062f
                           .group:00000000 wm4.component_tc.h.43.662eac8137408372b4f9d26c0b5f8621
                           .group:00000000 wm4.component_twi.h.43.eda18625bd851fc4605861f5b3240c0b
                           .group:00000000 wm4.component_uart.h.43.2d92735c5ea05c973661e1ba99a2f37c
                           .group:00000000 wm4.component_udphs.h.43.21cecd26a4e44df0013037f29f2716e4
                           .group:00000000 wm4.component_usart.h.43.7872f8f455adb38b67b9fbdb15657fbe
                           .group:00000000 wm4.component_wdt.h.43.e31e10a5469b62c3660b49ab250f802f
                           .group:00000000 wm4.instance_hsmci.h.43.e233236cc7fd5a805539a7ecc0e1d8d2
                           .group:00000000 wm4.instance_ssc.h.43.c0cfabc3b9f3bb60745c913111bce965
                           .group:00000000 wm4.instance_spi.h.43.570ae46af19e4179d9796872b9a8b9bc
                           .group:00000000 wm4.instance_tc0.h.43.049b3a82387d2961594190609e896a29
                           .group:00000000 wm4.instance_twi0.h.43.255dc0afa9e0d45eaea0a935eca2f103
                           .group:00000000 wm4.instance_twi1.h.43.652d1d407893f259f2a817544ba662c2
                           .group:00000000 wm4.instance_pwm.h.43.88294acec3ca56d6fc521038521a1567
                           .group:00000000 wm4.instance_usart0.h.43.e26677512aee3dd3bedd71d394410000
                           .group:00000000 wm4.instance_usart1.h.43.1ba97dbc6610d9fb3132b9d845688201
                           .group:00000000 wm4.instance_usart2.h.43.baa1bf30b3c5acdee90c4a1f50fe9ebd
                           .group:00000000 wm4.instance_udphs.h.43.b1ce94181e0d1f22877b81c6040a4363
                           .group:00000000 wm4.instance_adc12b.h.43.d73ed59e867ccdfdb846d9ef32a50c0c
                           .group:00000000 wm4.instance_adc.h.43.2b7611a00afeb4c555339b844d4b8456
                           .group:00000000 wm4.instance_dmac.h.43.ee72691d84889c8f285932be4a075ddb
                           .group:00000000 wm4.instance_smc.h.43.29610fd00979caaaa65821ad40e9da06
                           .group:00000000 wm4.instance_matrix.h.43.01ee474141594385374c41a29daeeefe
                           .group:00000000 wm4.instance_pmc.h.43.37430325ed7b8b24c3fe640c41c29ef5
                           .group:00000000 wm4.instance_uart.h.43.bd378395ba022bc8670c82ebe656fbbd
                           .group:00000000 wm4.instance_chipid.h.43.29cd8fb600f149aa58830fcc78fe36f9
                           .group:00000000 wm4.instance_efc0.h.43.6b85dba20721a7e9fc4350e78d193680
                           .group:00000000 wm4.instance_efc1.h.43.2c5e94fc4d2742678318d73450d08d57
                           .group:00000000 wm4.instance_pioa.h.43.eeb46cc3bfe01a1f28e67aa3a6851ed8
                           .group:00000000 wm4.instance_piob.h.43.652ce26b6c37ac56f9ed42a9216d9aca
                           .group:00000000 wm4.instance_rstc.h.43.c5de224364a50a85f237c0b864aa4c8f
                           .group:00000000 wm4.instance_supc.h.43.a5f1a5ca08f468ccf34ed3653e045f1f
                           .group:00000000 wm4.instance_rtt.h.43.8622b192c23334996132415e3095df7f
                           .group:00000000 wm4.instance_wdt.h.43.407ea53e133eacf09acf2c7fcb6b7524
                           .group:00000000 wm4.instance_rtc.h.43.f70b77f9180401c8d9d920cb4a1cd166
                           .group:00000000 wm4.instance_gpbr.h.43.9066cb40d557f6755101368854272348
                           .group:00000000 wm4.sam3u1c.h.312.ae446d8e874d34ca3df78faf190c678f
                           .group:00000000 wm4.pio_sam3u1c.h.43.18b24f16e1710ff2a400d88fe33c5107
                           .group:00000000 wm4.sam3u1c.h.442.cd4bbc3af493e98bc9b60c2905132ed0
                           .group:00000000 wm4.newlib.h.8.f6e543eac3f2f65163ba2ffe3b04987b
                           .group:00000000 wm4.ieeefp.h.77.d5685ba212d3ed6e914898d045f873e3
                           .group:00000000 wm4.config.h.220.6cac6a9685cfce5e83c17784171638d9
                           .group:00000000 wm4._ansi.h.31.de524f58584151836e90d8620a16f8e8
                           .group:00000000 wm4.stdio.h.31.7c0e28c411445f3f9c5b11accf882760
                           .group:00000000 wm4.stddef.h.161.19e15733342b50ead2919490b095303e
                           .group:00000000 wm4.cdefs.h.49.2bf373aedffd8b393ccd11dc057e8547
                           .group:00000000 wm4.stdarg.h.34.3a23a216c0c293b3d2ea2e89281481e6
                           .group:00000000 wm4.lock.h.2.1461d1fff82dffe8bfddc23307f6484f
                           .group:00000000 wm4._types.h.125.5cf8a495f1f7ef36777ad868a1e32068
                           .group:00000000 wm4.stddef.h.161.5349cb105733e8777bfb0cf53c4e3f34
                           .group:00000000 wm4._types.h.184.03611d4f6b5bec9997bcf4279eceba07
                           .group:00000000 wm4.reent.h.17.90c2574d4acdcfce933db5cb09ff35fe
                           .group:00000000 wm4.types.h.40.e8c16e7ec36ba55f133d0616070e25fc
                           .group:00000000 wm4._endian.h.31.65a10590763c3dde1ac4a7f66d7d4891
                           .group:00000000 wm4.endian.h.9.49f3a4695c1b61e8a0808de3c4a106cb
                           .group:00000000 wm4._timeval.h.30.0e8bfd94e85db17dda3286ee81496fe6
                           .group:00000000 wm4.timespec.h.41.d855182eb0e690443ab8651bcedca6e1
                           .group:00000000 wm4.select.h.19.97ca6fd0c752a0f3b6719fd314d361e6
                           .group:00000000 wm4.types.h.69.ed3eae3cf73030a737515151ebcab7a1
                           .group:00000000 wm4.sched.h.22.c60982713a5c428609783c78f9c78d95
                           .group:00000000 wm4._pthreadtypes.h.36.fcee9961c35163dde6267ef772ad1972
                           .group:00000000 wm4.stdio.h.2.4aa87247282eca6c8f36f9de33d8df1a
                           .group:00000000 wm4.stdio.h.81.932d0c162786b883f622b8d05c120c78
                           .group:00000000 wm4.stdbool.h.29.07dce69c3b78884144b7f7bd19483461
                           .group:00000000 wm4.stdlib.h.13.4ed386f5c1a80d71e72172885d946ef2
                           .group:00000000 wm4.alloca.h.8.dfc0c703c47ec3e69746825b17d9e66d
                           .group:00000000 wm4.stdlib.h.56.d4493cd3736e51e9d56335045f26df45
                           .group:00000000 wm4.compiler.h.88.0e6ad966134fa012ce9a34053d3f48aa
                           .group:00000000 wm4.interrupt_sam_nvic.h.45.4876da6c127868305d66389e87e0876f
                           .group:00000000 wm4.compiler.h.425.66dd29c210af3287ed85ec3553a3e6b1

UNDEFINED SYMBOLS
stdio_base
