   1              	 .cpu cortex-m3
   2              	 .eabi_attribute 20,1
   3              	 .eabi_attribute 21,1
   4              	 .eabi_attribute 23,3
   5              	 .eabi_attribute 24,1
   6              	 .eabi_attribute 25,1
   7              	 .eabi_attribute 26,1
   8              	 .eabi_attribute 30,6
   9              	 .eabi_attribute 34,1
  10              	 .eabi_attribute 18,4
  11              	 .file "udi_vendor.c"
  12              	 .text
  13              	.Ltext0:
  14              	 .cfi_sections .debug_frame
  15              	 .section .bss.cpu_irq_critical_section_counter,"aw",%nobits
  16              	 .align 2
  19              	cpu_irq_critical_section_counter:
  20 0000 00000000 	 .space 4
  21              	 .section .bss.cpu_irq_prev_interrupt_state,"aw",%nobits
  24              	cpu_irq_prev_interrupt_state:
  25 0000 00       	 .space 1
  26              	 .global udi_api_vendor
  27              	 .section .data.udi_api_vendor,"aw"
  28              	 .align 2
  31              	udi_api_vendor:
  32 0000 00000000 	 .word udi_vendor_enable
  33 0004 00000000 	 .word udi_vendor_disable
  34 0008 00000000 	 .word udi_vendor_setup
  35 000c 00000000 	 .word udi_vendor_getsetting
  36 0010 00000000 	 .word 0
  37              	 .section .bss.udi_vendor_alternate_setting,"aw",%nobits
  40              	udi_vendor_alternate_setting:
  41 0000 00       	 .space 1
  42              	 .section .text.udi_vendor_enable,"ax",%progbits
  43              	 .align 1
  44              	 .global udi_vendor_enable
  45              	 .arch armv7-m
  46              	 .syntax unified
  47              	 .thumb
  48              	 .thumb_func
  49              	 .fpu softvfp
  51              	udi_vendor_enable:
  52              	.LFB73:
  53              	 .file 1 ".././hal/sam3u1c/udi_vendor.c"
   1:.././hal/sam3u1c/udi_vendor.c **** /**
   2:.././hal/sam3u1c/udi_vendor.c ****  * \file
   3:.././hal/sam3u1c/udi_vendor.c ****  *
   4:.././hal/sam3u1c/udi_vendor.c ****  * \brief USB Vendor class interface.
   5:.././hal/sam3u1c/udi_vendor.c ****  *
   6:.././hal/sam3u1c/udi_vendor.c ****  * Copyright (c) 2011 - 2012 Atmel Corporation. All rights reserved.
   7:.././hal/sam3u1c/udi_vendor.c ****  *
   8:.././hal/sam3u1c/udi_vendor.c ****  * \asf_license_start
   9:.././hal/sam3u1c/udi_vendor.c ****  *
  10:.././hal/sam3u1c/udi_vendor.c ****  * \page License
  11:.././hal/sam3u1c/udi_vendor.c ****  *
  12:.././hal/sam3u1c/udi_vendor.c ****  * Redistribution and use in source and binary forms, with or without
  13:.././hal/sam3u1c/udi_vendor.c ****  * modification, are permitted provided that the following conditions are met:
  14:.././hal/sam3u1c/udi_vendor.c ****  *
  15:.././hal/sam3u1c/udi_vendor.c ****  * 1. Redistributions of source code must retain the above copyright notice,
  16:.././hal/sam3u1c/udi_vendor.c ****  *    this list of conditions and the following disclaimer.
  17:.././hal/sam3u1c/udi_vendor.c ****  *
  18:.././hal/sam3u1c/udi_vendor.c ****  * 2. Redistributions in binary form must reproduce the above copyright notice,
  19:.././hal/sam3u1c/udi_vendor.c ****  *    this list of conditions and the following disclaimer in the documentation
  20:.././hal/sam3u1c/udi_vendor.c ****  *    and/or other materials provided with the distribution.
  21:.././hal/sam3u1c/udi_vendor.c ****  *
  22:.././hal/sam3u1c/udi_vendor.c ****  * 3. The name of Atmel may not be used to endorse or promote products derived
  23:.././hal/sam3u1c/udi_vendor.c ****  *    from this software without specific prior written permission.
  24:.././hal/sam3u1c/udi_vendor.c ****  *
  25:.././hal/sam3u1c/udi_vendor.c ****  * 4. This software may only be redistributed and used in connection with an
  26:.././hal/sam3u1c/udi_vendor.c ****  *    Atmel microcontroller product.
  27:.././hal/sam3u1c/udi_vendor.c ****  *
  28:.././hal/sam3u1c/udi_vendor.c ****  * THIS SOFTWARE IS PROVIDED BY ATMEL "AS IS" AND ANY EXPRESS OR IMPLIED
  29:.././hal/sam3u1c/udi_vendor.c ****  * WARRANTIES, INCLUDING, BUT NOT LIMITED TO, THE IMPLIED WARRANTIES OF
  30:.././hal/sam3u1c/udi_vendor.c ****  * MERCHANTABILITY, FITNESS FOR A PARTICULAR PURPOSE AND NON-INFRINGEMENT ARE
  31:.././hal/sam3u1c/udi_vendor.c ****  * EXPRESSLY AND SPECIFICALLY DISCLAIMED. IN NO EVENT SHALL ATMEL BE LIABLE FOR
  32:.././hal/sam3u1c/udi_vendor.c ****  * ANY DIRECT, INDIRECT, INCIDENTAL, SPECIAL, EXEMPLARY, OR CONSEQUENTIAL
  33:.././hal/sam3u1c/udi_vendor.c ****  * DAMAGES (INCLUDING, BUT NOT LIMITED TO, PROCUREMENT OF SUBSTITUTE GOODS
  34:.././hal/sam3u1c/udi_vendor.c ****  * OR SERVICES; LOSS OF USE, DATA, OR PROFITS; OR BUSINESS INTERRUPTION)
  35:.././hal/sam3u1c/udi_vendor.c ****  * HOWEVER CAUSED AND ON ANY THEORY OF LIABILITY, WHETHER IN CONTRACT,
  36:.././hal/sam3u1c/udi_vendor.c ****  * STRICT LIABILITY, OR TORT (INCLUDING NEGLIGENCE OR OTHERWISE) ARISING IN
  37:.././hal/sam3u1c/udi_vendor.c ****  * ANY WAY OUT OF THE USE OF THIS SOFTWARE, EVEN IF ADVISED OF THE
  38:.././hal/sam3u1c/udi_vendor.c ****  * POSSIBILITY OF SUCH DAMAGE.
  39:.././hal/sam3u1c/udi_vendor.c ****  *
  40:.././hal/sam3u1c/udi_vendor.c ****  * \asf_license_stop
  41:.././hal/sam3u1c/udi_vendor.c ****  *
  42:.././hal/sam3u1c/udi_vendor.c ****  */
  43:.././hal/sam3u1c/udi_vendor.c **** 
  44:.././hal/sam3u1c/udi_vendor.c **** #include "conf_usb.h"
  45:.././hal/sam3u1c/udi_vendor.c **** #include "usb_protocol.h"
  46:.././hal/sam3u1c/udi_vendor.c **** #include "usb_protocol_vendor.h"
  47:.././hal/sam3u1c/udi_vendor.c **** #include "udd.h"
  48:.././hal/sam3u1c/udi_vendor.c **** #include "udc.h"
  49:.././hal/sam3u1c/udi_vendor.c **** #include "udi_vendor.h"
  50:.././hal/sam3u1c/udi_vendor.c **** #include <string.h>
  51:.././hal/sam3u1c/udi_vendor.c **** 
  52:.././hal/sam3u1c/udi_vendor.c **** // Configuration check
  53:.././hal/sam3u1c/udi_vendor.c **** #ifndef UDI_VENDOR_ENABLE_EXT
  54:.././hal/sam3u1c/udi_vendor.c **** # error UDI_VENDOR_ENABLE_EXT must be defined in conf_usb.h file.
  55:.././hal/sam3u1c/udi_vendor.c **** #endif
  56:.././hal/sam3u1c/udi_vendor.c **** #ifndef UDI_VENDOR_DISABLE_EXT
  57:.././hal/sam3u1c/udi_vendor.c **** # error UDI_VENDOR_DISABLE_EXT must be defined in conf_usb.h file.
  58:.././hal/sam3u1c/udi_vendor.c **** #endif
  59:.././hal/sam3u1c/udi_vendor.c **** 
  60:.././hal/sam3u1c/udi_vendor.c **** /**
  61:.././hal/sam3u1c/udi_vendor.c ****  * \ingroup udi_vendor_group
  62:.././hal/sam3u1c/udi_vendor.c ****  * \defgroup udi_vendor_group_udc Interface with USB Device Core (UDC)
  63:.././hal/sam3u1c/udi_vendor.c ****  *
  64:.././hal/sam3u1c/udi_vendor.c ****  * Structures and functions required by UDC.
  65:.././hal/sam3u1c/udi_vendor.c ****  *
  66:.././hal/sam3u1c/udi_vendor.c ****  * @{
  67:.././hal/sam3u1c/udi_vendor.c ****  */
  68:.././hal/sam3u1c/udi_vendor.c **** bool udi_vendor_enable(void);
  69:.././hal/sam3u1c/udi_vendor.c **** void udi_vendor_disable(void);
  70:.././hal/sam3u1c/udi_vendor.c **** bool udi_vendor_setup(void);
  71:.././hal/sam3u1c/udi_vendor.c **** uint8_t udi_vendor_getsetting(void);
  72:.././hal/sam3u1c/udi_vendor.c **** 
  73:.././hal/sam3u1c/udi_vendor.c **** //! Global structure which contains standard UDI API for UDC
  74:.././hal/sam3u1c/udi_vendor.c **** UDC_DESC_STORAGE udi_api_t udi_api_vendor = {
  75:.././hal/sam3u1c/udi_vendor.c **** 	.enable = udi_vendor_enable,
  76:.././hal/sam3u1c/udi_vendor.c **** 	.disable = udi_vendor_disable,
  77:.././hal/sam3u1c/udi_vendor.c **** 	.setup = udi_vendor_setup,
  78:.././hal/sam3u1c/udi_vendor.c **** 	.getsetting = udi_vendor_getsetting,
  79:.././hal/sam3u1c/udi_vendor.c **** 	.sof_notify = NULL,
  80:.././hal/sam3u1c/udi_vendor.c **** };
  81:.././hal/sam3u1c/udi_vendor.c **** //@}
  82:.././hal/sam3u1c/udi_vendor.c **** 
  83:.././hal/sam3u1c/udi_vendor.c **** 
  84:.././hal/sam3u1c/udi_vendor.c **** /**
  85:.././hal/sam3u1c/udi_vendor.c ****  * \ingroup udi_vendor_group
  86:.././hal/sam3u1c/udi_vendor.c ****  * \defgroup udi_vendor_group_internal Implementation of UDI Vendor Class
  87:.././hal/sam3u1c/udi_vendor.c ****  *
  88:.././hal/sam3u1c/udi_vendor.c ****  * Class internal implementation
  89:.././hal/sam3u1c/udi_vendor.c ****  * @{
  90:.././hal/sam3u1c/udi_vendor.c ****  */
  91:.././hal/sam3u1c/udi_vendor.c **** 
  92:.././hal/sam3u1c/udi_vendor.c **** //! USB descriptor alternate setting used
  93:.././hal/sam3u1c/udi_vendor.c **** static uint8_t udi_vendor_alternate_setting = 0;
  94:.././hal/sam3u1c/udi_vendor.c **** 
  95:.././hal/sam3u1c/udi_vendor.c **** /**
  96:.././hal/sam3u1c/udi_vendor.c ****  * \name Internal routines
  97:.././hal/sam3u1c/udi_vendor.c ****  */
  98:.././hal/sam3u1c/udi_vendor.c **** //@{
  99:.././hal/sam3u1c/udi_vendor.c **** bool udi_vendor_enable(void)
 100:.././hal/sam3u1c/udi_vendor.c **** {
  54              	 .loc 1 100 1
  55              	 .cfi_startproc
  56              	 
  57              	 
  58 0000 80B5     	 push {r7,lr}
  59              	.LCFI0:
  60              	 .cfi_def_cfa_offset 8
  61              	 .cfi_offset 7,-8
  62              	 .cfi_offset 14,-4
  63 0002 00AF     	 add r7,sp,#0
  64              	.LCFI1:
  65              	 .cfi_def_cfa_register 7
 101:.././hal/sam3u1c/udi_vendor.c **** 	udi_vendor_alternate_setting = udc_get_interface_desc()->bAlternateSetting;
  66              	 .loc 1 101 33
  67 0004 0B4B     	 ldr r3,.L4
  68 0006 9847     	 blx r3
  69              	.LVL0:
  70 0008 0346     	 mov r3,r0
  71              	 .loc 1 101 57
  72 000a DA78     	 ldrb r2,[r3,#3]
  73              	 .loc 1 101 31
  74 000c 0A4B     	 ldr r3,.L4+4
  75 000e 1A70     	 strb r2,[r3]
 102:.././hal/sam3u1c/udi_vendor.c **** 	if (0 == udi_vendor_alternate_setting) {
  76              	 .loc 1 102 8
  77 0010 094B     	 ldr r3,.L4+4
  78 0012 1B78     	 ldrb r3,[r3]
  79              	 .loc 1 102 5
  80 0014 002B     	 cmp r3,#0
  81 0016 09D1     	 bne .L2
 103:.././hal/sam3u1c/udi_vendor.c **** 		// Call application callback
 104:.././hal/sam3u1c/udi_vendor.c **** 		// to notify that interface is enabled
 105:.././hal/sam3u1c/udi_vendor.c **** 		if (!UDI_VENDOR_ENABLE_EXT()) {
  82              	 .loc 1 105 8
  83 0018 084B     	 ldr r3,.L4+8
  84 001a 9847     	 blx r3
  85              	.LVL1:
  86 001c 0346     	 mov r3,r0
  87              	 .loc 1 105 7
  88 001e 83F00103 	 eor r3,r3,#1
  89 0022 DBB2     	 uxtb r3,r3
  90              	 .loc 1 105 6
  91 0024 002B     	 cmp r3,#0
  92 0026 01D0     	 beq .L2
 106:.././hal/sam3u1c/udi_vendor.c **** 			return false;
  93              	 .loc 1 106 11
  94 0028 0023     	 movs r3,#0
  95 002a 00E0     	 b .L3
  96              	.L2:
 107:.././hal/sam3u1c/udi_vendor.c **** 		}
 108:.././hal/sam3u1c/udi_vendor.c **** 	}
 109:.././hal/sam3u1c/udi_vendor.c **** 	return true;
  97              	 .loc 1 109 9
  98 002c 0123     	 movs r3,#1
  99              	.L3:
 110:.././hal/sam3u1c/udi_vendor.c **** }
 100              	 .loc 1 110 1
 101 002e 1846     	 mov r0,r3
 102 0030 80BD     	 pop {r7,pc}
 103              	.L5:
 104 0032 00BF     	 .align 2
 105              	.L4:
 106 0034 00000000 	 .word udc_get_interface_desc
 107 0038 00000000 	 .word udi_vendor_alternate_setting
 108 003c 00000000 	 .word main_vendor_enable
 109              	 .cfi_endproc
 110              	.LFE73:
 112              	 .section .text.udi_vendor_disable,"ax",%progbits
 113              	 .align 1
 114              	 .global udi_vendor_disable
 115              	 .syntax unified
 116              	 .thumb
 117              	 .thumb_func
 118              	 .fpu softvfp
 120              	udi_vendor_disable:
 121              	.LFB74:
 111:.././hal/sam3u1c/udi_vendor.c **** 
 112:.././hal/sam3u1c/udi_vendor.c **** 
 113:.././hal/sam3u1c/udi_vendor.c **** void udi_vendor_disable(void)
 114:.././hal/sam3u1c/udi_vendor.c **** {
 122              	 .loc 1 114 1
 123              	 .cfi_startproc
 124              	 
 125              	 
 126 0000 80B5     	 push {r7,lr}
 127              	.LCFI2:
 128              	 .cfi_def_cfa_offset 8
 129              	 .cfi_offset 7,-8
 130              	 .cfi_offset 14,-4
 131 0002 00AF     	 add r7,sp,#0
 132              	.LCFI3:
 133              	 .cfi_def_cfa_register 7
 115:.././hal/sam3u1c/udi_vendor.c **** 	if (0 == udi_vendor_alternate_setting) {
 134              	 .loc 1 115 8
 135 0004 034B     	 ldr r3,.L9
 136 0006 1B78     	 ldrb r3,[r3]
 137              	 .loc 1 115 5
 138 0008 002B     	 cmp r3,#0
 139 000a 01D1     	 bne .L8
 116:.././hal/sam3u1c/udi_vendor.c **** 		UDI_VENDOR_DISABLE_EXT();
 140              	 .loc 1 116 3
 141 000c 024B     	 ldr r3,.L9+4
 142 000e 9847     	 blx r3
 143              	.LVL2:
 144              	.L8:
 117:.././hal/sam3u1c/udi_vendor.c **** 	}
 118:.././hal/sam3u1c/udi_vendor.c **** }
 145              	 .loc 1 118 1
 146 0010 00BF     	 nop
 147 0012 80BD     	 pop {r7,pc}
 148              	.L10:
 149              	 .align 2
 150              	.L9:
 151 0014 00000000 	 .word udi_vendor_alternate_setting
 152 0018 00000000 	 .word main_vendor_disable
 153              	 .cfi_endproc
 154              	.LFE74:
 156              	 .section .text.udi_vendor_setup,"ax",%progbits
 157              	 .align 1
 158              	 .global udi_vendor_setup
 159              	 .syntax unified
 160              	 .thumb
 161              	 .thumb_func
 162              	 .fpu softvfp
 164              	udi_vendor_setup:
 165              	.LFB75:
 119:.././hal/sam3u1c/udi_vendor.c **** 
 120:.././hal/sam3u1c/udi_vendor.c **** bool udi_vendor_setup(void)
 121:.././hal/sam3u1c/udi_vendor.c **** {
 166              	 .loc 1 121 1
 167              	 .cfi_startproc
 168              	 
 169              	 
 170 0000 80B5     	 push {r7,lr}
 171              	.LCFI4:
 172              	 .cfi_def_cfa_offset 8
 173              	 .cfi_offset 7,-8
 174              	 .cfi_offset 14,-4
 175 0002 00AF     	 add r7,sp,#0
 176              	.LCFI5:
 177              	 .cfi_def_cfa_register 7
 122:.././hal/sam3u1c/udi_vendor.c **** 	if (Udd_setup_is_in()) {
 178              	 .loc 1 122 6
 179 0004 104B     	 ldr r3,.L15
 180 0006 1B78     	 ldrb r3,[r3]
 181 0008 5BB2     	 sxtb r3,r3
 182              	 .loc 1 122 5
 183 000a 002B     	 cmp r3,#0
 184 000c 09DA     	 bge .L12
 123:.././hal/sam3u1c/udi_vendor.c **** 		if (Udd_setup_type() == USB_REQ_TYPE_VENDOR) {
 185              	 .loc 1 123 7
 186 000e 0E4B     	 ldr r3,.L15
 187 0010 1B78     	 ldrb r3,[r3]
 188 0012 03F06003 	 and r3,r3,#96
 189              	 .loc 1 123 6
 190 0016 402B     	 cmp r3,#64
 191 0018 03D1     	 bne .L12
 124:.././hal/sam3u1c/udi_vendor.c **** 			return UDI_VENDOR_SETUP_IN_RECEIVED();
 192              	 .loc 1 124 11
 193 001a 0C4B     	 ldr r3,.L15+4
 194 001c 9847     	 blx r3
 195              	.LVL3:
 196 001e 0346     	 mov r3,r0
 197 0020 0FE0     	 b .L13
 198              	.L12:
 125:.././hal/sam3u1c/udi_vendor.c **** 		}
 126:.././hal/sam3u1c/udi_vendor.c **** 	}
 127:.././hal/sam3u1c/udi_vendor.c **** 	if (Udd_setup_is_out()) {
 199              	 .loc 1 127 6
 200 0022 094B     	 ldr r3,.L15
 201 0024 1B78     	 ldrb r3,[r3]
 202 0026 5BB2     	 sxtb r3,r3
 203              	 .loc 1 127 5
 204 0028 002B     	 cmp r3,#0
 205 002a 09DB     	 blt .L14
 128:.././hal/sam3u1c/udi_vendor.c **** 		if (Udd_setup_type() == USB_REQ_TYPE_VENDOR) {
 206              	 .loc 1 128 7
 207 002c 064B     	 ldr r3,.L15
 208 002e 1B78     	 ldrb r3,[r3]
 209 0030 03F06003 	 and r3,r3,#96
 210              	 .loc 1 128 6
 211 0034 402B     	 cmp r3,#64
 212 0036 03D1     	 bne .L14
 129:.././hal/sam3u1c/udi_vendor.c **** 			return UDI_VENDOR_SETUP_OUT_RECEIVED();
 213              	 .loc 1 129 11
 214 0038 054B     	 ldr r3,.L15+8
 215 003a 9847     	 blx r3
 216              	.LVL4:
 217 003c 0346     	 mov r3,r0
 218 003e 00E0     	 b .L13
 219              	.L14:
 130:.././hal/sam3u1c/udi_vendor.c **** 		}
 131:.././hal/sam3u1c/udi_vendor.c **** 	}
 132:.././hal/sam3u1c/udi_vendor.c **** 	return false; // Not supported request
 220              	 .loc 1 132 9
 221 0040 0023     	 movs r3,#0
 222              	.L13:
 133:.././hal/sam3u1c/udi_vendor.c **** }
 223              	 .loc 1 133 1
 224 0042 1846     	 mov r0,r3
 225 0044 80BD     	 pop {r7,pc}
 226              	.L16:
 227 0046 00BF     	 .align 2
 228              	.L15:
 229 0048 00000000 	 .word udd_g_ctrlreq
 230 004c 00000000 	 .word main_setup_in_received
 231 0050 00000000 	 .word main_setup_out_received
 232              	 .cfi_endproc
 233              	.LFE75:
 235              	 .section .text.udi_vendor_getsetting,"ax",%progbits
 236              	 .align 1
 237              	 .global udi_vendor_getsetting
 238              	 .syntax unified
 239              	 .thumb
 240              	 .thumb_func
 241              	 .fpu softvfp
 243              	udi_vendor_getsetting:
 244              	.LFB76:
 134:.././hal/sam3u1c/udi_vendor.c **** 
 135:.././hal/sam3u1c/udi_vendor.c **** uint8_t udi_vendor_getsetting(void)
 136:.././hal/sam3u1c/udi_vendor.c **** {
 245              	 .loc 1 136 1
 246              	 .cfi_startproc
 247              	 
 248              	 
 249              	 
 250 0000 80B4     	 push {r7}
 251              	.LCFI6:
 252              	 .cfi_def_cfa_offset 4
 253              	 .cfi_offset 7,-4
 254 0002 00AF     	 add r7,sp,#0
 255              	.LCFI7:
 256              	 .cfi_def_cfa_register 7
 137:.././hal/sam3u1c/udi_vendor.c **** 	return udi_vendor_alternate_setting;
 257              	 .loc 1 137 9
 258 0004 024B     	 ldr r3,.L19
 259 0006 1B78     	 ldrb r3,[r3]
 138:.././hal/sam3u1c/udi_vendor.c **** }
 260              	 .loc 1 138 1
 261 0008 1846     	 mov r0,r3
 262 000a BD46     	 mov sp,r7
 263              	.LCFI8:
 264              	 .cfi_def_cfa_register 13
 265              	 
 266 000c 80BC     	 pop {r7}
 267              	.LCFI9:
 268              	 .cfi_restore 7
 269              	 .cfi_def_cfa_offset 0
 270 000e 7047     	 bx lr
 271              	.L20:
 272              	 .align 2
 273              	.L19:
 274 0010 00000000 	 .word udi_vendor_alternate_setting
 275              	 .cfi_endproc
 276              	.LFE76:
 278              	 .section .text.udi_vendor_bulk_in_run,"ax",%progbits
 279              	 .align 1
 280              	 .global udi_vendor_bulk_in_run
 281              	 .syntax unified
 282              	 .thumb
 283              	 .thumb_func
 284              	 .fpu softvfp
 286              	udi_vendor_bulk_in_run:
 287              	.LFB77:
 139:.././hal/sam3u1c/udi_vendor.c **** //@}
 140:.././hal/sam3u1c/udi_vendor.c **** 
 141:.././hal/sam3u1c/udi_vendor.c **** #if UDI_VENDOR_EPS_SIZE_INT_FS
 142:.././hal/sam3u1c/udi_vendor.c **** /**
 143:.././hal/sam3u1c/udi_vendor.c ****  * \brief Start a transfer on interrupt IN
 144:.././hal/sam3u1c/udi_vendor.c ****  *
 145:.././hal/sam3u1c/udi_vendor.c ****  * When the transfer is finished or aborted (stall, reset, ...), the \a callback is called.
 146:.././hal/sam3u1c/udi_vendor.c ****  * The \a callback returns the transfer status and eventually the number of byte transfered.
 147:.././hal/sam3u1c/udi_vendor.c ****  *
 148:.././hal/sam3u1c/udi_vendor.c ****  * \param buf           Buffer on Internal RAM to send or fill.
 149:.././hal/sam3u1c/udi_vendor.c ****  *                      It must be align, then use COMPILER_WORD_ALIGNED.
 150:.././hal/sam3u1c/udi_vendor.c ****  * \param buf_size      Buffer size to send or fill
 151:.././hal/sam3u1c/udi_vendor.c ****  * \param callback      NULL or function to call at the end of transfer
 152:.././hal/sam3u1c/udi_vendor.c ****  *
 153:.././hal/sam3u1c/udi_vendor.c ****  * \return \c 1 if function was successfully done, otherwise \c 0.
 154:.././hal/sam3u1c/udi_vendor.c ****  */
 155:.././hal/sam3u1c/udi_vendor.c **** bool udi_vendor_interrupt_in_run(uint8_t * buf, iram_size_t buf_size,
 156:.././hal/sam3u1c/udi_vendor.c **** 		udd_callback_trans_t callback)
 157:.././hal/sam3u1c/udi_vendor.c **** {
 158:.././hal/sam3u1c/udi_vendor.c **** 	return udd_ep_run(UDI_VENDOR_EP_INTERRUPT_IN,
 159:.././hal/sam3u1c/udi_vendor.c **** 			false,
 160:.././hal/sam3u1c/udi_vendor.c **** 			buf,
 161:.././hal/sam3u1c/udi_vendor.c **** 			buf_size,
 162:.././hal/sam3u1c/udi_vendor.c **** 			callback);
 163:.././hal/sam3u1c/udi_vendor.c **** }
 164:.././hal/sam3u1c/udi_vendor.c **** 
 165:.././hal/sam3u1c/udi_vendor.c **** 
 166:.././hal/sam3u1c/udi_vendor.c **** /**
 167:.././hal/sam3u1c/udi_vendor.c ****  * \brief Start a transfer on interrupt OUT
 168:.././hal/sam3u1c/udi_vendor.c ****  *
 169:.././hal/sam3u1c/udi_vendor.c ****  * When the transfer is finished or aborted (stall, reset, ...), the \a callback is called.
 170:.././hal/sam3u1c/udi_vendor.c ****  * The \a callback returns the transfer status and eventually the number of byte transfered.
 171:.././hal/sam3u1c/udi_vendor.c ****  *
 172:.././hal/sam3u1c/udi_vendor.c ****  * \param buf           Buffer on Internal RAM to send or fill.
 173:.././hal/sam3u1c/udi_vendor.c ****  *                      It must be align, then use COMPILER_WORD_ALIGNED.
 174:.././hal/sam3u1c/udi_vendor.c ****  * \param buf_size      Buffer size to send or fill
 175:.././hal/sam3u1c/udi_vendor.c ****  * \param callback      NULL or function to call at the end of transfer
 176:.././hal/sam3u1c/udi_vendor.c ****  *
 177:.././hal/sam3u1c/udi_vendor.c ****  * \return \c 1 if function was successfully done, otherwise \c 0.
 178:.././hal/sam3u1c/udi_vendor.c ****  */
 179:.././hal/sam3u1c/udi_vendor.c **** bool udi_vendor_interrupt_out_run(uint8_t * buf, iram_size_t buf_size,
 180:.././hal/sam3u1c/udi_vendor.c **** 		udd_callback_trans_t callback)
 181:.././hal/sam3u1c/udi_vendor.c **** {
 182:.././hal/sam3u1c/udi_vendor.c **** 	return udd_ep_run(UDI_VENDOR_EP_INTERRUPT_OUT,
 183:.././hal/sam3u1c/udi_vendor.c **** 			false,
 184:.././hal/sam3u1c/udi_vendor.c **** 			buf,
 185:.././hal/sam3u1c/udi_vendor.c **** 			buf_size,
 186:.././hal/sam3u1c/udi_vendor.c **** 			callback);
 187:.././hal/sam3u1c/udi_vendor.c **** }
 188:.././hal/sam3u1c/udi_vendor.c **** #endif
 189:.././hal/sam3u1c/udi_vendor.c **** 
 190:.././hal/sam3u1c/udi_vendor.c **** #if UDI_VENDOR_EPS_SIZE_BULK_FS
 191:.././hal/sam3u1c/udi_vendor.c **** /**
 192:.././hal/sam3u1c/udi_vendor.c ****  * \brief Start a transfer on bulk IN
 193:.././hal/sam3u1c/udi_vendor.c ****  *
 194:.././hal/sam3u1c/udi_vendor.c ****  * When the transfer is finished or aborted (stall, reset, ...), the \a callback is called.
 195:.././hal/sam3u1c/udi_vendor.c ****  * The \a callback returns the transfer status and eventually the number of byte transfered.
 196:.././hal/sam3u1c/udi_vendor.c ****  *
 197:.././hal/sam3u1c/udi_vendor.c ****  * \param buf           Buffer on Internal RAM to send or fill.
 198:.././hal/sam3u1c/udi_vendor.c ****  *                      It must be align, then use COMPILER_WORD_ALIGNED.
 199:.././hal/sam3u1c/udi_vendor.c ****  * \param buf_size      Buffer size to send or fill
 200:.././hal/sam3u1c/udi_vendor.c ****  * \param callback      NULL or function to call at the end of transfer
 201:.././hal/sam3u1c/udi_vendor.c ****  *
 202:.././hal/sam3u1c/udi_vendor.c ****  * \return \c 1 if function was successfully done, otherwise \c 0.
 203:.././hal/sam3u1c/udi_vendor.c ****  */
 204:.././hal/sam3u1c/udi_vendor.c **** bool udi_vendor_bulk_in_run(uint8_t * buf, iram_size_t buf_size,
 205:.././hal/sam3u1c/udi_vendor.c **** 		udd_callback_trans_t callback)
 206:.././hal/sam3u1c/udi_vendor.c **** {
 288              	 .loc 1 206 1
 289              	 .cfi_startproc
 290              	 
 291              	 
 292 0000 90B5     	 push {r4,r7,lr}
 293              	.LCFI10:
 294              	 .cfi_def_cfa_offset 12
 295              	 .cfi_offset 4,-12
 296              	 .cfi_offset 7,-8
 297              	 .cfi_offset 14,-4
 298 0002 87B0     	 sub sp,sp,#28
 299              	.LCFI11:
 300              	 .cfi_def_cfa_offset 40
 301 0004 02AF     	 add r7,sp,#8
 302              	.LCFI12:
 303              	 .cfi_def_cfa 7,32
 304 0006 F860     	 str r0,[r7,#12]
 305 0008 B960     	 str r1,[r7,#8]
 306 000a 7A60     	 str r2,[r7,#4]
 207:.././hal/sam3u1c/udi_vendor.c **** 	return udd_ep_run(UDI_VENDOR_EP_BULK_IN,
 307              	 .loc 1 207 9
 308 000c 7B68     	 ldr r3,[r7,#4]
 309 000e 0093     	 str r3,[sp]
 310 0010 BB68     	 ldr r3,[r7,#8]
 311 0012 FA68     	 ldr r2,[r7,#12]
 312 0014 0021     	 movs r1,#0
 313 0016 8120     	 movs r0,#129
 314 0018 034C     	 ldr r4,.L23
 315 001a A047     	 blx r4
 316              	.LVL5:
 317 001c 0346     	 mov r3,r0
 208:.././hal/sam3u1c/udi_vendor.c **** 			false,
 209:.././hal/sam3u1c/udi_vendor.c **** 			buf,
 210:.././hal/sam3u1c/udi_vendor.c **** 			buf_size,
 211:.././hal/sam3u1c/udi_vendor.c **** 			callback);
 212:.././hal/sam3u1c/udi_vendor.c **** }
 318              	 .loc 1 212 1
 319 001e 1846     	 mov r0,r3
 320 0020 1437     	 adds r7,r7,#20
 321              	.LCFI13:
 322              	 .cfi_def_cfa_offset 12
 323 0022 BD46     	 mov sp,r7
 324              	.LCFI14:
 325              	 .cfi_def_cfa_register 13
 326              	 
 327 0024 90BD     	 pop {r4,r7,pc}
 328              	.L24:
 329 0026 00BF     	 .align 2
 330              	.L23:
 331 0028 00000000 	 .word udd_ep_run
 332              	 .cfi_endproc
 333              	.LFE77:
 335              	 .section .text.udi_vendor_bulk_out_run,"ax",%progbits
 336              	 .align 1
 337              	 .global udi_vendor_bulk_out_run
 338              	 .syntax unified
 339              	 .thumb
 340              	 .thumb_func
 341              	 .fpu softvfp
 343              	udi_vendor_bulk_out_run:
 344              	.LFB78:
 213:.././hal/sam3u1c/udi_vendor.c **** 
 214:.././hal/sam3u1c/udi_vendor.c **** 
 215:.././hal/sam3u1c/udi_vendor.c **** /**
 216:.././hal/sam3u1c/udi_vendor.c ****  * \brief Start a transfer on bulk OUT
 217:.././hal/sam3u1c/udi_vendor.c ****  *
 218:.././hal/sam3u1c/udi_vendor.c ****  * When the transfer is finished or aborted (stall, reset, ...), the \a callback is called.
 219:.././hal/sam3u1c/udi_vendor.c ****  * The \a callback returns the transfer status and eventually the number of byte transfered.
 220:.././hal/sam3u1c/udi_vendor.c ****  *
 221:.././hal/sam3u1c/udi_vendor.c ****  * \param buf           Buffer on Internal RAM to send or fill.
 222:.././hal/sam3u1c/udi_vendor.c ****  *                      It must be align, then use COMPILER_WORD_ALIGNED.
 223:.././hal/sam3u1c/udi_vendor.c ****  * \param buf_size      Buffer size to send or fill
 224:.././hal/sam3u1c/udi_vendor.c ****  * \param callback      NULL or function to call at the end of transfer
 225:.././hal/sam3u1c/udi_vendor.c ****  *
 226:.././hal/sam3u1c/udi_vendor.c ****  * \return \c 1 if function was successfully done, otherwise \c 0.
 227:.././hal/sam3u1c/udi_vendor.c ****  */
 228:.././hal/sam3u1c/udi_vendor.c **** bool udi_vendor_bulk_out_run(uint8_t * buf, iram_size_t buf_size,
 229:.././hal/sam3u1c/udi_vendor.c **** 		udd_callback_trans_t callback)
 230:.././hal/sam3u1c/udi_vendor.c **** {
 345              	 .loc 1 230 1
 346              	 .cfi_startproc
 347              	 
 348              	 
 349 0000 90B5     	 push {r4,r7,lr}
 350              	.LCFI15:
 351              	 .cfi_def_cfa_offset 12
 352              	 .cfi_offset 4,-12
 353              	 .cfi_offset 7,-8
 354              	 .cfi_offset 14,-4
 355 0002 87B0     	 sub sp,sp,#28
 356              	.LCFI16:
 357              	 .cfi_def_cfa_offset 40
 358 0004 02AF     	 add r7,sp,#8
 359              	.LCFI17:
 360              	 .cfi_def_cfa 7,32
 361 0006 F860     	 str r0,[r7,#12]
 362 0008 B960     	 str r1,[r7,#8]
 363 000a 7A60     	 str r2,[r7,#4]
 231:.././hal/sam3u1c/udi_vendor.c **** 	return udd_ep_run(UDI_VENDOR_EP_BULK_OUT,
 364              	 .loc 1 231 9
 365 000c 7B68     	 ldr r3,[r7,#4]
 366 000e 0093     	 str r3,[sp]
 367 0010 BB68     	 ldr r3,[r7,#8]
 368 0012 FA68     	 ldr r2,[r7,#12]
 369 0014 0021     	 movs r1,#0
 370 0016 0220     	 movs r0,#2
 371 0018 034C     	 ldr r4,.L27
 372 001a A047     	 blx r4
 373              	.LVL6:
 374 001c 0346     	 mov r3,r0
 232:.././hal/sam3u1c/udi_vendor.c **** 			false,
 233:.././hal/sam3u1c/udi_vendor.c **** 			buf,
 234:.././hal/sam3u1c/udi_vendor.c **** 			buf_size,
 235:.././hal/sam3u1c/udi_vendor.c **** 			callback);
 236:.././hal/sam3u1c/udi_vendor.c **** }
 375              	 .loc 1 236 1
 376 001e 1846     	 mov r0,r3
 377 0020 1437     	 adds r7,r7,#20
 378              	.LCFI18:
 379              	 .cfi_def_cfa_offset 12
 380 0022 BD46     	 mov sp,r7
 381              	.LCFI19:
 382              	 .cfi_def_cfa_register 13
 383              	 
 384 0024 90BD     	 pop {r4,r7,pc}
 385              	.L28:
 386 0026 00BF     	 .align 2
 387              	.L27:
 388 0028 00000000 	 .word udd_ep_run
 389              	 .cfi_endproc
 390              	.LFE78:
 392              	 .text
 393              	.Letext0:
 394              	 .file 2 "c:\\program files (x86)\\gnu tools arm embedded\\8 2018-q4-major\\arm-none-eabi\\include\\machine\\_default_types.h"
 395              	 .file 3 "c:\\program files (x86)\\gnu tools arm embedded\\8 2018-q4-major\\arm-none-eabi\\include\\sys\\_stdint.h"
 396              	 .file 4 ".././hal/sam3u1c/inc/core_cm3.h"
 397              	 .file 5 ".././hal/sam3u1c/inc/system_sam3u.h"
 398              	 .file 6 "c:\\program files (x86)\\gnu tools arm embedded\\8 2018-q4-major\\arm-none-eabi\\include\\sys\\lock.h"
 399              	 .file 7 "c:\\program files (x86)\\gnu tools arm embedded\\8 2018-q4-major\\arm-none-eabi\\include\\sys\\_types.h"
 400              	 .file 8 "c:\\program files (x86)\\gnu tools arm embedded\\8 2018-q4-major\\lib\\gcc\\arm-none-eabi\\8.2.1\\include\\stddef.h"
 401              	 .file 9 "c:\\program files (x86)\\gnu tools arm embedded\\8 2018-q4-major\\arm-none-eabi\\include\\sys\\reent.h"
 402              	 .file 10 "c:\\program files (x86)\\gnu tools arm embedded\\8 2018-q4-major\\arm-none-eabi\\include\\stdlib.h"
 403              	 .file 11 ".././hal/sam3u1c/inc/interrupt/interrupt_sam_nvic.h"
 404              	 .file 12 ".././hal/sam3u1c/inc/compiler.h"
 405              	 .file 13 "./conf_usb.h"
 406              	 .file 14 ".././hal/sam3u1c/inc/usb_protocol.h"
 407              	 .file 15 ".././hal/sam3u1c/inc/udi.h"
 408              	 .file 16 ".././hal/sam3u1c/inc/udc_desc.h"
 409              	 .file 17 ".././hal/sam3u1c/inc/udd.h"
 410              	 .file 18 ".././hal/sam3u1c/inc/udi_vendor.h"
 411              	 .file 19 ".././hal/sam3u1c/inc/main.h"
 412              	 .file 20 ".././hal/sam3u1c/inc/udc.h"
DEFINED SYMBOLS
                            *ABS*:00000000 udi_vendor.c
    {standard input}:16     .bss.cpu_irq_critical_section_counter:00000000 $d
    {standard input}:19     .bss.cpu_irq_critical_section_counter:00000000 cpu_irq_critical_section_counter
    {standard input}:24     .bss.cpu_irq_prev_interrupt_state:00000000 cpu_irq_prev_interrupt_state
    {standard input}:25     .bss.cpu_irq_prev_interrupt_state:00000000 $d
    {standard input}:31     .data.udi_api_vendor:00000000 udi_api_vendor
    {standard input}:28     .data.udi_api_vendor:00000000 $d
    {standard input}:51     .text.udi_vendor_enable:00000000 udi_vendor_enable
    {standard input}:120    .text.udi_vendor_disable:00000000 udi_vendor_disable
    {standard input}:164    .text.udi_vendor_setup:00000000 udi_vendor_setup
    {standard input}:243    .text.udi_vendor_getsetting:00000000 udi_vendor_getsetting
    {standard input}:40     .bss.udi_vendor_alternate_setting:00000000 udi_vendor_alternate_setting
    {standard input}:41     .bss.udi_vendor_alternate_setting:00000000 $d
    {standard input}:43     .text.udi_vendor_enable:00000000 $t
    {standard input}:106    .text.udi_vendor_enable:00000034 $d
    {standard input}:113    .text.udi_vendor_disable:00000000 $t
    {standard input}:151    .text.udi_vendor_disable:00000014 $d
    {standard input}:157    .text.udi_vendor_setup:00000000 $t
    {standard input}:229    .text.udi_vendor_setup:00000048 $d
    {standard input}:236    .text.udi_vendor_getsetting:00000000 $t
    {standard input}:274    .text.udi_vendor_getsetting:00000010 $d
    {standard input}:279    .text.udi_vendor_bulk_in_run:00000000 $t
    {standard input}:286    .text.udi_vendor_bulk_in_run:00000000 udi_vendor_bulk_in_run
    {standard input}:331    .text.udi_vendor_bulk_in_run:00000028 $d
    {standard input}:336    .text.udi_vendor_bulk_out_run:00000000 $t
    {standard input}:343    .text.udi_vendor_bulk_out_run:00000000 udi_vendor_bulk_out_run
    {standard input}:388    .text.udi_vendor_bulk_out_run:00000028 $d
                           .group:00000000 wm4.0.bacf6c85951b42af729d707f36a7fff6
                           .group:00000000 wm4.stddef.h.39.99b5021e28f91cdb161c889e07266673
                           .group:00000000 wm4.parts.h.45.afc900689b2c82332e69d798acedc875
                           .group:00000000 wm4.tpaste.h.45.af3ee36765243b162c88f7f944858426
                           .group:00000000 wm4.stringz.h.45.c4f6cbe0005e6c1d2139bc6c0e4f4722
                           .group:00000000 wm4.mrepeat.h.59.c5daaed201a4340b0edf435161d0b77f
                           .group:00000000 wm4._newlib_version.h.4.875b979a44719054cd750d0952ad3fd6
                           .group:00000000 wm4.features.h.33.5bd1eea2d80518b50f7af0b5ce6750e0
                           .group:00000000 wm4._default_types.h.15.247e5cd201eca3442cbf5404108c4935
                           .group:00000000 wm4._intsup.h.10.cce27fed8484c08a33f522034c30d2b5
                           .group:00000000 wm4._stdint.h.10.c24fa3af3bc1706662bb5593a907e841
                           .group:00000000 wm4.stdint.h.23.d53047a68f4a85177f80b422d52785ed
                           .group:00000000 wm4.sam3u1c.h.220.c0b54b5a55bc87791749ae17b1487779
                           .group:00000000 wm4.core_cm3.h.32.5c59c312db585622d253fdb887b0afb1
                           .group:00000000 wm4.core_cmInstr.h.25.d8165482ef3061013a2fc83e2d85f3d9
                           .group:00000000 wm4.core_cm3.h.127.b561404f2a159dc517b409bc244d16c1
                           .group:00000000 wm4.component_adc.h.43.d49887380d07d1cd08cc4e37b3485e31
                           .group:00000000 wm4.component_adc12b.h.43.eadc09f1073923fb91f1f393cc397dcb
                           .group:00000000 wm4.component_chipid.h.43.15825c969b1cc9eeea3d9416499874c8
                           .group:00000000 wm4.component_dmac.h.43.cc8187b1cf6bfeadc91b14fdd28b9e8b
                           .group:00000000 wm4.component_efc.h.43.cb1b3997ad9ea3733ad421ecbfd02fdd
                           .group:00000000 wm4.component_gpbr.h.43.49b7e13894fe38b29f2243bbbe530227
                           .group:00000000 wm4.component_hsmci.h.43.7b7194c92e1480c038f3342f7cec440a
                           .group:00000000 wm4.component_matrix.h.43.1d209838fb75b4827119203a357141ee
                           .group:00000000 wm4.component_pdc.h.43.19528a5f9ef5a348234ea06f89069c55
                           .group:00000000 wm4.component_pio.h.43.163b46c3683ccf92e8de39a5554f50e8
                           .group:00000000 wm4.component_pmc.h.43.ee4f030602866917aeed15fb2b948de8
                           .group:00000000 wm4.component_pwm.h.43.ab6262a86f0aea354b43fe6dce7e7eb3
                           .group:00000000 wm4.component_rstc.h.43.4eb59dc2ddcf585fabf251d0c329fcdd
                           .group:00000000 wm4.component_rtc.h.43.ba8ccafc772b11d562a3cceab8b95072
                           .group:00000000 wm4.component_rtt.h.43.3206ef8f067e5e747c3c4c7e719c1429
                           .group:00000000 wm4.component_smc.h.43.907847915f1a5616734199d7e34424fa
                           .group:00000000 wm4.component_spi.h.43.a2a09df64ab768c0a32be55285c74ded
                           .group:00000000 wm4.component_ssc.h.43.d7c78f990c13fc511671b64798c4bcd0
                           .group:00000000 wm4.component_supc.h.43.7d17f8e5ed3ba815e84381152735062f
                           .group:00000000 wm4.component_tc.h.43.662eac8137408372b4f9d26c0b5f8621
                           .group:00000000 wm4.component_twi.h.43.eda18625bd851fc4605861f5b3240c0b
                           .group:00000000 wm4.component_uart.h.43.2d92735c5ea05c973661e1ba99a2f37c
                           .group:00000000 wm4.component_udphs.h.43.21cecd26a4e44df0013037f29f2716e4
                           .group:00000000 wm4.component_usart.h.43.7872f8f455adb38b67b9fbdb15657fbe
                           .group:00000000 wm4.component_wdt.h.43.e31e10a5469b62c3660b49ab250f802f
                           .group:00000000 wm4.instance_hsmci.h.43.e233236cc7fd5a805539a7ecc0e1d8d2
                           .group:00000000 wm4.instance_ssc.h.43.c0cfabc3b9f3bb60745c913111bce965
                           .group:00000000 wm4.instance_spi.h.43.570ae46af19e4179d9796872b9a8b9bc
                           .group:00000000 wm4.instance_tc0.h.43.049b3a82387d2961594190609e896a29
                           .group:00000000 wm4.instance_twi0.h.43.255dc0afa9e0d45eaea0a935eca2f103
                           .group:00000000 wm4.instance_twi1.h.43.652d1d407893f259f2a817544ba662c2
                           .group:00000000 wm4.instance_pwm.h.43.88294acec3ca56d6fc521038521a1567
                           .group:00000000 wm4.instance_usart0.h.43.e26677512aee3dd3bedd71d394410000
                           .group:00000000 wm4.instance_usart1.h.43.1ba97dbc6610d9fb3132b9d845688201
                           .group:00000000 wm4.instance_usart2.h.43.baa1bf30b3c5acdee90c4a1f50fe9ebd
                           .group:00000000 wm4.instance_udphs.h.43.b1ce94181e0d1f22877b81c6040a4363
                           .group:00000000 wm4.instance_adc12b.h.43.d73ed59e867ccdfdb846d9ef32a50c0c
                           .group:00000000 wm4.instance_adc.h.43.2b7611a00afeb4c555339b844d4b8456
                           .group:00000000 wm4.instance_dmac.h.43.ee72691d84889c8f285932be4a075ddb
                           .group:00000000 wm4.instance_smc.h.43.29610fd00979caaaa65821ad40e9da06
                           .group:00000000 wm4.instance_matrix.h.43.01ee474141594385374c41a29daeeefe
                           .group:00000000 wm4.instance_pmc.h.43.37430325ed7b8b24c3fe640c41c29ef5
                           .group:00000000 wm4.instance_uart.h.43.bd378395ba022bc8670c82ebe656fbbd
                           .group:00000000 wm4.instance_chipid.h.43.29cd8fb600f149aa58830fcc78fe36f9
                           .group:00000000 wm4.instance_efc0.h.43.6b85dba20721a7e9fc4350e78d193680
                           .group:00000000 wm4.instance_efc1.h.43.2c5e94fc4d2742678318d73450d08d57
                           .group:00000000 wm4.instance_pioa.h.43.eeb46cc3bfe01a1f28e67aa3a6851ed8
                           .group:00000000 wm4.instance_piob.h.43.652ce26b6c37ac56f9ed42a9216d9aca
                           .group:00000000 wm4.instance_rstc.h.43.c5de224364a50a85f237c0b864aa4c8f
                           .group:00000000 wm4.instance_supc.h.43.a5f1a5ca08f468ccf34ed3653e045f1f
                           .group:00000000 wm4.instance_rtt.h.43.8622b192c23334996132415e3095df7f
                           .group:00000000 wm4.instance_wdt.h.43.407ea53e133eacf09acf2c7fcb6b7524
                           .group:00000000 wm4.instance_rtc.h.43.f70b77f9180401c8d9d920cb4a1cd166
                           .group:00000000 wm4.instance_gpbr.h.43.9066cb40d557f6755101368854272348
                           .group:00000000 wm4.sam3u1c.h.312.ae446d8e874d34ca3df78faf190c678f
                           .group:00000000 wm4.pio_sam3u1c.h.43.18b24f16e1710ff2a400d88fe33c5107
                           .group:00000000 wm4.sam3u1c.h.442.cd4bbc3af493e98bc9b60c2905132ed0
                           .group:00000000 wm4.newlib.h.8.f6e543eac3f2f65163ba2ffe3b04987b
                           .group:00000000 wm4.ieeefp.h.77.d5685ba212d3ed6e914898d045f873e3
                           .group:00000000 wm4.config.h.220.6cac6a9685cfce5e83c17784171638d9
                           .group:00000000 wm4._ansi.h.31.de524f58584151836e90d8620a16f8e8
                           .group:00000000 wm4.stdio.h.31.7c0e28c411445f3f9c5b11accf882760
                           .group:00000000 wm4.stddef.h.161.19e15733342b50ead2919490b095303e
                           .group:00000000 wm4.cdefs.h.49.2bf373aedffd8b393ccd11dc057e8547
                           .group:00000000 wm4.stdarg.h.34.3a23a216c0c293b3d2ea2e89281481e6
                           .group:00000000 wm4.lock.h.2.1461d1fff82dffe8bfddc23307f6484f
                           .group:00000000 wm4._types.h.125.5cf8a495f1f7ef36777ad868a1e32068
                           .group:00000000 wm4.stddef.h.161.5349cb105733e8777bfb0cf53c4e3f34
                           .group:00000000 wm4._types.h.184.03611d4f6b5bec9997bcf4279eceba07
                           .group:00000000 wm4.reent.h.17.90c2574d4acdcfce933db5cb09ff35fe
                           .group:00000000 wm4.types.h.40.e8c16e7ec36ba55f133d0616070e25fc
                           .group:00000000 wm4._endian.h.31.65a10590763c3dde1ac4a7f66d7d4891
                           .group:00000000 wm4.endian.h.9.49f3a4695c1b61e8a0808de3c4a106cb
                           .group:00000000 wm4._timeval.h.30.0e8bfd94e85db17dda3286ee81496fe6
                           .group:00000000 wm4.timespec.h.41.d855182eb0e690443ab8651bcedca6e1
                           .group:00000000 wm4.select.h.19.97ca6fd0c752a0f3b6719fd314d361e6
                           .group:00000000 wm4.types.h.69.ed3eae3cf73030a737515151ebcab7a1
                           .group:00000000 wm4.sched.h.22.c60982713a5c428609783c78f9c78d95
                           .group:00000000 wm4._pthreadtypes.h.36.fcee9961c35163dde6267ef772ad1972
                           .group:00000000 wm4.stdio.h.2.4aa87247282eca6c8f36f9de33d8df1a
                           .group:00000000 wm4.stdio.h.81.932d0c162786b883f622b8d05c120c78
                           .group:00000000 wm4.stdbool.h.29.07dce69c3b78884144b7f7bd19483461
                           .group:00000000 wm4.stdlib.h.13.4ed386f5c1a80d71e72172885d946ef2
                           .group:00000000 wm4.alloca.h.8.dfc0c703c47ec3e69746825b17d9e66d
                           .group:00000000 wm4.stdlib.h.56.d4493cd3736e51e9d56335045f26df45
                           .group:00000000 wm4.compiler.h.88.0e6ad966134fa012ce9a34053d3f48aa
                           .group:00000000 wm4.interrupt_sam_nvic.h.45.4876da6c127868305d66389e87e0876f
                           .group:00000000 wm4.compiler.h.425.66dd29c210af3287ed85ec3553a3e6b1
                           .group:00000000 wm4.conf_usb.h.56.3123a395939a56b38cb84f3590ea54ec
                           .group:00000000 wm4.udi_vendor_conf.h.56.4348c8e521d040f44df868219dae6785
                           .group:00000000 wm4.usb_atmel.h.45.c31b525dbe01f8d9e2022a03356ec174
                           .group:00000000 wm4.usb_protocol.h.63.850c58f3469fce50a9ac9a6854f7594b
                           .group:00000000 wm4.usb_protocol_vendor.h.45.83dfe073428ff799abc3ed1c7b04c77d
                           .group:00000000 wm4.udc_desc.h.77.5fec235bd7553e7256e345e020840072
                           .group:00000000 wm4.udd.h.103.3ccc59b50c14ec70568e6136eeb22d56
                           .group:00000000 wm4.udi_vendor.h.125.7b9085237d4d4a9757f4c148fba1918d
                           .group:00000000 wm4.string.h.8.c4b8571ce60dff2817f43fec8b86aecd

UNDEFINED SYMBOLS
udc_get_interface_desc
main_vendor_enable
main_vendor_disable
udd_g_ctrlreq
main_setup_in_received
main_setup_out_received
udd_ep_run
