   1              	 .cpu cortex-m3
   2              	 .eabi_attribute 20,1
   3              	 .eabi_attribute 21,1
   4              	 .eabi_attribute 23,3
   5              	 .eabi_attribute 24,1
   6              	 .eabi_attribute 25,1
   7              	 .eabi_attribute 26,1
   8              	 .eabi_attribute 30,6
   9              	 .eabi_attribute 34,1
  10              	 .eabi_attribute 18,4
  11              	 .file "write.c"
  12              	 .text
  13              	.Ltext0:
  14              	 .cfi_sections .debug_frame
  15              	 .section .bss.cpu_irq_critical_section_counter,"aw",%nobits
  16              	 .align 2
  19              	cpu_irq_critical_section_counter:
  20 0000 00000000 	 .space 4
  21              	 .section .bss.cpu_irq_prev_interrupt_state,"aw",%nobits
  24              	cpu_irq_prev_interrupt_state:
  25 0000 00       	 .space 1
  26              	 .comm stdio_base,4,4
  27              	 .comm ptr_put,4,4
  28              	 .section .text._write,"ax",%progbits
  29              	 .align 1
  30              	 .weak _write
  31              	 .arch armv7-m
  32              	 .syntax unified
  33              	 .thumb
  34              	 .thumb_func
  35              	 .fpu softvfp
  37              	_write:
  38              	.LFB69:
  39              	 .file 1 ".././hal/sam3u1c/write.c"
   1:.././hal/sam3u1c/write.c **** /**
   2:.././hal/sam3u1c/write.c ****  * \file
   3:.././hal/sam3u1c/write.c ****  *
   4:.././hal/sam3u1c/write.c ****  * \brief System-specific implementation of the \ref _write function used by
   5:.././hal/sam3u1c/write.c ****  *         the standard library.
   6:.././hal/sam3u1c/write.c ****  *
   7:.././hal/sam3u1c/write.c ****  * Copyright (c) 2009-2013 Atmel Corporation. All rights reserved.
   8:.././hal/sam3u1c/write.c ****  *
   9:.././hal/sam3u1c/write.c ****  * \asf_license_start
  10:.././hal/sam3u1c/write.c ****  *
  11:.././hal/sam3u1c/write.c ****  * \page License
  12:.././hal/sam3u1c/write.c ****  *
  13:.././hal/sam3u1c/write.c ****  * Redistribution and use in source and binary forms, with or without
  14:.././hal/sam3u1c/write.c ****  * modification, are permitted provided that the following conditions are met:
  15:.././hal/sam3u1c/write.c ****  *
  16:.././hal/sam3u1c/write.c ****  * 1. Redistributions of source code must retain the above copyright notice,
  17:.././hal/sam3u1c/write.c ****  *    this list of conditions and the following disclaimer.
  18:.././hal/sam3u1c/write.c ****  *
  19:.././hal/sam3u1c/write.c ****  * 2. Redistributions in binary form must reproduce the above copyright notice,
  20:.././hal/sam3u1c/write.c ****  *    this list of conditions and the following disclaimer in the documentation
  21:.././hal/sam3u1c/write.c ****  *    and/or other materials provided with the distribution.
  22:.././hal/sam3u1c/write.c ****  *
  23:.././hal/sam3u1c/write.c ****  * 3. The name of Atmel may not be used to endorse or promote products derived
  24:.././hal/sam3u1c/write.c ****  *    from this software without specific prior written permission.
  25:.././hal/sam3u1c/write.c ****  *
  26:.././hal/sam3u1c/write.c ****  * 4. This software may only be redistributed and used in connection with an
  27:.././hal/sam3u1c/write.c ****  *    Atmel microcontroller product.
  28:.././hal/sam3u1c/write.c ****  *
  29:.././hal/sam3u1c/write.c ****  * THIS SOFTWARE IS PROVIDED BY ATMEL "AS IS" AND ANY EXPRESS OR IMPLIED
  30:.././hal/sam3u1c/write.c ****  * WARRANTIES, INCLUDING, BUT NOT LIMITED TO, THE IMPLIED WARRANTIES OF
  31:.././hal/sam3u1c/write.c ****  * MERCHANTABILITY, FITNESS FOR A PARTICULAR PURPOSE AND NON-INFRINGEMENT ARE
  32:.././hal/sam3u1c/write.c ****  * EXPRESSLY AND SPECIFICALLY DISCLAIMED. IN NO EVENT SHALL ATMEL BE LIABLE FOR
  33:.././hal/sam3u1c/write.c ****  * ANY DIRECT, INDIRECT, INCIDENTAL, SPECIAL, EXEMPLARY, OR CONSEQUENTIAL
  34:.././hal/sam3u1c/write.c ****  * DAMAGES (INCLUDING, BUT NOT LIMITED TO, PROCUREMENT OF SUBSTITUTE GOODS
  35:.././hal/sam3u1c/write.c ****  * OR SERVICES; LOSS OF USE, DATA, OR PROFITS; OR BUSINESS INTERRUPTION)
  36:.././hal/sam3u1c/write.c ****  * HOWEVER CAUSED AND ON ANY THEORY OF LIABILITY, WHETHER IN CONTRACT,
  37:.././hal/sam3u1c/write.c ****  * STRICT LIABILITY, OR TORT (INCLUDING NEGLIGENCE OR OTHERWISE) ARISING IN
  38:.././hal/sam3u1c/write.c ****  * ANY WAY OUT OF THE USE OF THIS SOFTWARE, EVEN IF ADVISED OF THE
  39:.././hal/sam3u1c/write.c ****  * POSSIBILITY OF SUCH DAMAGE.
  40:.././hal/sam3u1c/write.c ****  *
  41:.././hal/sam3u1c/write.c ****  * \asf_license_stop
  42:.././hal/sam3u1c/write.c ****  *
  43:.././hal/sam3u1c/write.c ****  */
  44:.././hal/sam3u1c/write.c **** 
  45:.././hal/sam3u1c/write.c **** #include "compiler.h"
  46:.././hal/sam3u1c/write.c **** 
  47:.././hal/sam3u1c/write.c **** /**
  48:.././hal/sam3u1c/write.c ****  * \addtogroup group_common_utils_stdio
  49:.././hal/sam3u1c/write.c ****  *
  50:.././hal/sam3u1c/write.c ****  * \{
  51:.././hal/sam3u1c/write.c ****  */
  52:.././hal/sam3u1c/write.c **** 
  53:.././hal/sam3u1c/write.c **** volatile void *volatile stdio_base;
  54:.././hal/sam3u1c/write.c **** int (*ptr_put)(void volatile*, char);
  55:.././hal/sam3u1c/write.c **** 
  56:.././hal/sam3u1c/write.c **** 
  57:.././hal/sam3u1c/write.c **** #if ( defined(__ICCAVR32__) || defined(__ICCAVR__) || defined(__ICCARM__))
  58:.././hal/sam3u1c/write.c **** 
  59:.././hal/sam3u1c/write.c **** #include <yfuns.h>
  60:.././hal/sam3u1c/write.c **** 
  61:.././hal/sam3u1c/write.c **** _STD_BEGIN
  62:.././hal/sam3u1c/write.c **** 
  63:.././hal/sam3u1c/write.c **** #pragma module_name = "?__write"
  64:.././hal/sam3u1c/write.c **** 
  65:.././hal/sam3u1c/write.c **** /*! \brief Writes a number of bytes, at most \a size, from the memory area
  66:.././hal/sam3u1c/write.c ****  *         pointed to by \a buffer.
  67:.././hal/sam3u1c/write.c ****  *
  68:.././hal/sam3u1c/write.c ****  * If \a buffer is zero then \ref __write performs flushing of internal buffers,
  69:.././hal/sam3u1c/write.c ****  * if any. In this case, \a handle can be \c -1 to indicate that all handles
  70:.././hal/sam3u1c/write.c ****  * should be flushed.
  71:.././hal/sam3u1c/write.c ****  *
  72:.././hal/sam3u1c/write.c ****  * \param handle File handle to write to.
  73:.././hal/sam3u1c/write.c ****  * \param buffer Pointer to buffer to read bytes to write from.
  74:.././hal/sam3u1c/write.c ****  * \param size Number of bytes to write.
  75:.././hal/sam3u1c/write.c ****  *
  76:.././hal/sam3u1c/write.c ****  * \return The number of bytes written, or \c _LLIO_ERROR on failure.
  77:.././hal/sam3u1c/write.c ****  */
  78:.././hal/sam3u1c/write.c **** size_t __write(int handle, const unsigned char *buffer, size_t size)
  79:.././hal/sam3u1c/write.c **** {
  80:.././hal/sam3u1c/write.c **** 	size_t nChars = 0;
  81:.././hal/sam3u1c/write.c **** 
  82:.././hal/sam3u1c/write.c **** 	if (buffer == 0) {
  83:.././hal/sam3u1c/write.c **** 		// This means that we should flush internal buffers.
  84:.././hal/sam3u1c/write.c **** 		return 0;
  85:.././hal/sam3u1c/write.c **** 	}
  86:.././hal/sam3u1c/write.c **** 
  87:.././hal/sam3u1c/write.c **** 	// This implementation only writes to stdout and stderr.
  88:.././hal/sam3u1c/write.c **** 	// For all other file handles, it returns failure.
  89:.././hal/sam3u1c/write.c **** 	if (handle != _LLIO_STDOUT && handle != _LLIO_STDERR) {
  90:.././hal/sam3u1c/write.c **** 		return _LLIO_ERROR;
  91:.././hal/sam3u1c/write.c **** 	}
  92:.././hal/sam3u1c/write.c **** 
  93:.././hal/sam3u1c/write.c **** 	for (; size != 0; --size) {
  94:.././hal/sam3u1c/write.c **** 		if (ptr_put(stdio_base, *buffer++) < 0) {
  95:.././hal/sam3u1c/write.c **** 			return _LLIO_ERROR;
  96:.././hal/sam3u1c/write.c **** 		}
  97:.././hal/sam3u1c/write.c **** 		++nChars;
  98:.././hal/sam3u1c/write.c **** 	}
  99:.././hal/sam3u1c/write.c **** 	return nChars;
 100:.././hal/sam3u1c/write.c **** }
 101:.././hal/sam3u1c/write.c **** 
 102:.././hal/sam3u1c/write.c **** _STD_END
 103:.././hal/sam3u1c/write.c **** 
 104:.././hal/sam3u1c/write.c **** 
 105:.././hal/sam3u1c/write.c **** #elif (defined(__GNUC__) && !XMEGA && !MEGA)
 106:.././hal/sam3u1c/write.c **** 
 107:.././hal/sam3u1c/write.c **** int __attribute__((weak))
 108:.././hal/sam3u1c/write.c **** _write (int file, const char *ptr, int len);
 109:.././hal/sam3u1c/write.c **** 
 110:.././hal/sam3u1c/write.c **** int __attribute__((weak))
 111:.././hal/sam3u1c/write.c **** _write (int file, const char *ptr, int len)
 112:.././hal/sam3u1c/write.c **** {
  40              	 .loc 1 112 1
  41              	 .cfi_startproc
  42              	 
  43              	 
  44 0000 80B5     	 push {r7,lr}
  45              	.LCFI0:
  46              	 .cfi_def_cfa_offset 8
  47              	 .cfi_offset 7,-8
  48              	 .cfi_offset 14,-4
  49 0002 86B0     	 sub sp,sp,#24
  50              	.LCFI1:
  51              	 .cfi_def_cfa_offset 32
  52 0004 00AF     	 add r7,sp,#0
  53              	.LCFI2:
  54              	 .cfi_def_cfa_register 7
  55 0006 F860     	 str r0,[r7,#12]
  56 0008 B960     	 str r1,[r7,#8]
  57 000a 7A60     	 str r2,[r7,#4]
 113:.././hal/sam3u1c/write.c **** 	int nChars = 0;
  58              	 .loc 1 113 6
  59 000c 0023     	 movs r3,#0
  60 000e 7B61     	 str r3,[r7,#20]
 114:.././hal/sam3u1c/write.c **** 
 115:.././hal/sam3u1c/write.c **** 	if ((file != 1) && (file != 2) && (file!=3)) {
  61              	 .loc 1 115 5
  62 0010 FB68     	 ldr r3,[r7,#12]
  63 0012 012B     	 cmp r3,#1
  64 0014 1ED0     	 beq .L4
  65              	 .loc 1 115 18 discriminator 1
  66 0016 FB68     	 ldr r3,[r7,#12]
  67 0018 022B     	 cmp r3,#2
  68 001a 1BD0     	 beq .L4
  69              	 .loc 1 115 33 discriminator 2
  70 001c FB68     	 ldr r3,[r7,#12]
  71 001e 032B     	 cmp r3,#3
  72 0020 18D0     	 beq .L4
 116:.././hal/sam3u1c/write.c **** 		return -1;
  73              	 .loc 1 116 10
  74 0022 4FF0FF33 	 mov r3,#-1
  75 0026 19E0     	 b .L3
  76              	.L6:
 117:.././hal/sam3u1c/write.c **** 	}
 118:.././hal/sam3u1c/write.c **** 
 119:.././hal/sam3u1c/write.c **** 	for (; len != 0; --len) {
 120:.././hal/sam3u1c/write.c **** 		if (ptr_put(stdio_base, *ptr++) < 0) {
  77              	 .loc 1 120 7
  78 0028 0E4B     	 ldr r3,.L7
  79 002a 1A68     	 ldr r2,[r3]
  80 002c 0E4B     	 ldr r3,.L7+4
  81 002e 1868     	 ldr r0,[r3]
  82              	 .loc 1 120 31
  83 0030 BB68     	 ldr r3,[r7,#8]
  84 0032 591C     	 adds r1,r3,#1
  85 0034 B960     	 str r1,[r7,#8]
  86              	 .loc 1 120 7
  87 0036 1B78     	 ldrb r3,[r3]
  88 0038 1946     	 mov r1,r3
  89 003a 9047     	 blx r2
  90              	.LVL0:
  91 003c 0346     	 mov r3,r0
  92              	 .loc 1 120 6
  93 003e 002B     	 cmp r3,#0
  94 0040 02DA     	 bge .L5
 121:.././hal/sam3u1c/write.c **** 			return -1;
  95              	 .loc 1 121 11
  96 0042 4FF0FF33 	 mov r3,#-1
  97 0046 09E0     	 b .L3
  98              	.L5:
 122:.././hal/sam3u1c/write.c **** 		}
 123:.././hal/sam3u1c/write.c **** 		++nChars;
  99              	 .loc 1 123 3
 100 0048 7B69     	 ldr r3,[r7,#20]
 101 004a 0133     	 adds r3,r3,#1
 102 004c 7B61     	 str r3,[r7,#20]
 119:.././hal/sam3u1c/write.c **** 		if (ptr_put(stdio_base, *ptr++) < 0) {
 103              	 .loc 1 119 19
 104 004e 7B68     	 ldr r3,[r7,#4]
 105 0050 013B     	 subs r3,r3,#1
 106 0052 7B60     	 str r3,[r7,#4]
 107              	.L4:
 119:.././hal/sam3u1c/write.c **** 		if (ptr_put(stdio_base, *ptr++) < 0) {
 108              	 .loc 1 119 2 discriminator 1
 109 0054 7B68     	 ldr r3,[r7,#4]
 110 0056 002B     	 cmp r3,#0
 111 0058 E6D1     	 bne .L6
 124:.././hal/sam3u1c/write.c **** 	}
 125:.././hal/sam3u1c/write.c **** 	return nChars;
 112              	 .loc 1 125 9
 113 005a 7B69     	 ldr r3,[r7,#20]
 114              	.L3:
 126:.././hal/sam3u1c/write.c **** }
 115              	 .loc 1 126 1
 116 005c 1846     	 mov r0,r3
 117 005e 1837     	 adds r7,r7,#24
 118              	.LCFI3:
 119              	 .cfi_def_cfa_offset 8
 120 0060 BD46     	 mov sp,r7
 121              	.LCFI4:
 122              	 .cfi_def_cfa_register 13
 123              	 
 124 0062 80BD     	 pop {r7,pc}
 125              	.L8:
 126              	 .align 2
 127              	.L7:
 128 0064 00000000 	 .word ptr_put
 129 0068 00000000 	 .word stdio_base
 130              	 .cfi_endproc
 131              	.LFE69:
 133              	 .text
 134              	.Letext0:
 135              	 .file 2 "c:\\program files (x86)\\gnu tools arm embedded\\8 2018-q4-major\\arm-none-eabi\\include\\machine\\_default_types.h"
 136              	 .file 3 "c:\\program files (x86)\\gnu tools arm embedded\\8 2018-q4-major\\arm-none-eabi\\include\\sys\\_stdint.h"
 137              	 .file 4 ".././hal/sam3u1c/inc/core_cm3.h"
 138              	 .file 5 ".././hal/sam3u1c/inc/system_sam3u.h"
 139              	 .file 6 "c:\\program files (x86)\\gnu tools arm embedded\\8 2018-q4-major\\arm-none-eabi\\include\\sys\\lock.h"
 140              	 .file 7 "c:\\program files (x86)\\gnu tools arm embedded\\8 2018-q4-major\\arm-none-eabi\\include\\sys\\_types.h"
 141              	 .file 8 "c:\\program files (x86)\\gnu tools arm embedded\\8 2018-q4-major\\lib\\gcc\\arm-none-eabi\\8.2.1\\include\\stddef.h"
 142              	 .file 9 "c:\\program files (x86)\\gnu tools arm embedded\\8 2018-q4-major\\arm-none-eabi\\include\\sys\\reent.h"
 143              	 .file 10 "c:\\program files (x86)\\gnu tools arm embedded\\8 2018-q4-major\\arm-none-eabi\\include\\stdlib.h"
 144              	 .file 11 ".././hal/sam3u1c/inc/interrupt/interrupt_sam_nvic.h"
DEFINED SYMBOLS
                            *ABS*:00000000 write.c
    {standard input}:16     .bss.cpu_irq_critical_section_counter:00000000 $d
    {standard input}:19     .bss.cpu_irq_critical_section_counter:00000000 cpu_irq_critical_section_counter
    {standard input}:24     .bss.cpu_irq_prev_interrupt_state:00000000 cpu_irq_prev_interrupt_state
    {standard input}:25     .bss.cpu_irq_prev_interrupt_state:00000000 $d
                            *COM*:00000004 stdio_base
                            *COM*:00000004 ptr_put
    {standard input}:29     .text._write:00000000 $t
    {standard input}:37     .text._write:00000000 _write
    {standard input}:128    .text._write:00000064 $d
                           .group:00000000 wm4.0.bacf6c85951b42af729d707f36a7fff6
                           .group:00000000 wm4.stddef.h.39.99b5021e28f91cdb161c889e07266673
                           .group:00000000 wm4.parts.h.45.afc900689b2c82332e69d798acedc875
                           .group:00000000 wm4.tpaste.h.45.af3ee36765243b162c88f7f944858426
                           .group:00000000 wm4.stringz.h.45.c4f6cbe0005e6c1d2139bc6c0e4f4722
                           .group:00000000 wm4.mrepeat.h.59.c5daaed201a4340b0edf435161d0b77f
                           .group:00000000 wm4._newlib_version.h.4.875b979a44719054cd750d0952ad3fd6
                           .group:00000000 wm4.features.h.33.5bd1eea2d80518b50f7af0b5ce6750e0
                           .group:00000000 wm4._default_types.h.15.247e5cd201eca3442cbf5404108c4935
                           .group:00000000 wm4._intsup.h.10.cce27fed8484c08a33f522034c30d2b5
                           .group:00000000 wm4._stdint.h.10.c24fa3af3bc1706662bb5593a907e841
                           .group:00000000 wm4.stdint.h.23.d53047a68f4a85177f80b422d52785ed
                           .group:00000000 wm4.sam3u1c.h.220.c0b54b5a55bc87791749ae17b1487779
                           .group:00000000 wm4.core_cm3.h.32.5c59c312db585622d253fdb887b0afb1
                           .group:00000000 wm4.core_cmInstr.h.25.d8165482ef3061013a2fc83e2d85f3d9
                           .group:00000000 wm4.core_cm3.h.127.b561404f2a159dc517b409bc244d16c1
                           .group:00000000 wm4.component_adc.h.43.d49887380d07d1cd08cc4e37b3485e31
                           .group:00000000 wm4.component_adc12b.h.43.eadc09f1073923fb91f1f393cc397dcb
                           .group:00000000 wm4.component_chipid.h.43.15825c969b1cc9eeea3d9416499874c8
                           .group:00000000 wm4.component_dmac.h.43.cc8187b1cf6bfeadc91b14fdd28b9e8b
                           .group:00000000 wm4.component_efc.h.43.cb1b3997ad9ea3733ad421ecbfd02fdd
                           .group:00000000 wm4.component_gpbr.h.43.49b7e13894fe38b29f2243bbbe530227
                           .group:00000000 wm4.component_hsmci.h.43.7b7194c92e1480c038f3342f7cec440a
                           .group:00000000 wm4.component_matrix.h.43.1d209838fb75b4827119203a357141ee
                           .group:00000000 wm4.component_pdc.h.43.19528a5f9ef5a348234ea06f89069c55
                           .group:00000000 wm4.component_pio.h.43.163b46c3683ccf92e8de39a5554f50e8
                           .group:00000000 wm4.component_pmc.h.43.ee4f030602866917aeed15fb2b948de8
                           .group:00000000 wm4.component_pwm.h.43.ab6262a86f0aea354b43fe6dce7e7eb3
                           .group:00000000 wm4.component_rstc.h.43.4eb59dc2ddcf585fabf251d0c329fcdd
                           .group:00000000 wm4.component_rtc.h.43.ba8ccafc772b11d562a3cceab8b95072
                           .group:00000000 wm4.component_rtt.h.43.3206ef8f067e5e747c3c4c7e719c1429
                           .group:00000000 wm4.component_smc.h.43.907847915f1a5616734199d7e34424fa
                           .group:00000000 wm4.component_spi.h.43.a2a09df64ab768c0a32be55285c74ded
                           .group:00000000 wm4.component_ssc.h.43.d7c78f990c13fc511671b64798c4bcd0
                           .group:00000000 wm4.component_supc.h.43.7d17f8e5ed3ba815e84381152735062f
                           .group:00000000 wm4.component_tc.h.43.662eac8137408372b4f9d26c0b5f8621
                           .group:00000000 wm4.component_twi.h.43.eda18625bd851fc4605861f5b3240c0b
                           .group:00000000 wm4.component_uart.h.43.2d92735c5ea05c973661e1ba99a2f37c
                           .group:00000000 wm4.component_udphs.h.43.21cecd26a4e44df0013037f29f2716e4
                           .group:00000000 wm4.component_usart.h.43.7872f8f455adb38b67b9fbdb15657fbe
                           .group:00000000 wm4.component_wdt.h.43.e31e10a5469b62c3660b49ab250f802f
                           .group:00000000 wm4.instance_hsmci.h.43.e233236cc7fd5a805539a7ecc0e1d8d2
                           .group:00000000 wm4.instance_ssc.h.43.c0cfabc3b9f3bb60745c913111bce965
                           .group:00000000 wm4.instance_spi.h.43.570ae46af19e4179d9796872b9a8b9bc
                           .group:00000000 wm4.instance_tc0.h.43.049b3a82387d2961594190609e896a29
                           .group:00000000 wm4.instance_twi0.h.43.255dc0afa9e0d45eaea0a935eca2f103
                           .group:00000000 wm4.instance_twi1.h.43.652d1d407893f259f2a817544ba662c2
                           .group:00000000 wm4.instance_pwm.h.43.88294acec3ca56d6fc521038521a1567
                           .group:00000000 wm4.instance_usart0.h.43.e26677512aee3dd3bedd71d394410000
                           .group:00000000 wm4.instance_usart1.h.43.1ba97dbc6610d9fb3132b9d845688201
                           .group:00000000 wm4.instance_usart2.h.43.baa1bf30b3c5acdee90c4a1f50fe9ebd
                           .group:00000000 wm4.instance_udphs.h.43.b1ce94181e0d1f22877b81c6040a4363
                           .group:00000000 wm4.instance_adc12b.h.43.d73ed59e867ccdfdb846d9ef32a50c0c
                           .group:00000000 wm4.instance_adc.h.43.2b7611a00afeb4c555339b844d4b8456
                           .group:00000000 wm4.instance_dmac.h.43.ee72691d84889c8f285932be4a075ddb
                           .group:00000000 wm4.instance_smc.h.43.29610fd00979caaaa65821ad40e9da06
                           .group:00000000 wm4.instance_matrix.h.43.01ee474141594385374c41a29daeeefe
                           .group:00000000 wm4.instance_pmc.h.43.37430325ed7b8b24c3fe640c41c29ef5
                           .group:00000000 wm4.instance_uart.h.43.bd378395ba022bc8670c82ebe656fbbd
                           .group:00000000 wm4.instance_chipid.h.43.29cd8fb600f149aa58830fcc78fe36f9
                           .group:00000000 wm4.instance_efc0.h.43.6b85dba20721a7e9fc4350e78d193680
                           .group:00000000 wm4.instance_efc1.h.43.2c5e94fc4d2742678318d73450d08d57
                           .group:00000000 wm4.instance_pioa.h.43.eeb46cc3bfe01a1f28e67aa3a6851ed8
                           .group:00000000 wm4.instance_piob.h.43.652ce26b6c37ac56f9ed42a9216d9aca
                           .group:00000000 wm4.instance_rstc.h.43.c5de224364a50a85f237c0b864aa4c8f
                           .group:00000000 wm4.instance_supc.h.43.a5f1a5ca08f468ccf34ed3653e045f1f
                           .group:00000000 wm4.instance_rtt.h.43.8622b192c23334996132415e3095df7f
                           .group:00000000 wm4.instance_wdt.h.43.407ea53e133eacf09acf2c7fcb6b7524
                           .group:00000000 wm4.instance_rtc.h.43.f70b77f9180401c8d9d920cb4a1cd166
                           .group:00000000 wm4.instance_gpbr.h.43.9066cb40d557f6755101368854272348
                           .group:00000000 wm4.sam3u1c.h.312.ae446d8e874d34ca3df78faf190c678f
                           .group:00000000 wm4.pio_sam3u1c.h.43.18b24f16e1710ff2a400d88fe33c5107
                           .group:00000000 wm4.sam3u1c.h.442.cd4bbc3af493e98bc9b60c2905132ed0
                           .group:00000000 wm4.newlib.h.8.f6e543eac3f2f65163ba2ffe3b04987b
                           .group:00000000 wm4.ieeefp.h.77.d5685ba212d3ed6e914898d045f873e3
                           .group:00000000 wm4.config.h.220.6cac6a9685cfce5e83c17784171638d9
                           .group:00000000 wm4._ansi.h.31.de524f58584151836e90d8620a16f8e8
                           .group:00000000 wm4.stdio.h.31.7c0e28c411445f3f9c5b11accf882760
                           .group:00000000 wm4.stddef.h.161.19e15733342b50ead2919490b095303e
                           .group:00000000 wm4.cdefs.h.49.2bf373aedffd8b393ccd11dc057e8547
                           .group:00000000 wm4.stdarg.h.34.3a23a216c0c293b3d2ea2e89281481e6
                           .group:00000000 wm4.lock.h.2.1461d1fff82dffe8bfddc23307f6484f
                           .group:00000000 wm4._types.h.125.5cf8a495f1f7ef36777ad868a1e32068
                           .group:00000000 wm4.stddef.h.161.5349cb105733e8777bfb0cf53c4e3f34
                           .group:00000000 wm4._types.h.184.03611d4f6b5bec9997bcf4279eceba07
                           .group:00000000 wm4.reent.h.17.90c2574d4acdcfce933db5cb09ff35fe
                           .group:00000000 wm4.types.h.40.e8c16e7ec36ba55f133d0616070e25fc
                           .group:00000000 wm4._endian.h.31.65a10590763c3dde1ac4a7f66d7d4891
                           .group:00000000 wm4.endian.h.9.49f3a4695c1b61e8a0808de3c4a106cb
                           .group:00000000 wm4._timeval.h.30.0e8bfd94e85db17dda3286ee81496fe6
                           .group:00000000 wm4.timespec.h.41.d855182eb0e690443ab8651bcedca6e1
                           .group:00000000 wm4.select.h.19.97ca6fd0c752a0f3b6719fd314d361e6
                           .group:00000000 wm4.types.h.69.ed3eae3cf73030a737515151ebcab7a1
                           .group:00000000 wm4.sched.h.22.c60982713a5c428609783c78f9c78d95
                           .group:00000000 wm4._pthreadtypes.h.36.fcee9961c35163dde6267ef772ad1972
                           .group:00000000 wm4.stdio.h.2.4aa87247282eca6c8f36f9de33d8df1a
                           .group:00000000 wm4.stdio.h.81.932d0c162786b883f622b8d05c120c78
                           .group:00000000 wm4.stdbool.h.29.07dce69c3b78884144b7f7bd19483461
                           .group:00000000 wm4.stdlib.h.13.4ed386f5c1a80d71e72172885d946ef2
                           .group:00000000 wm4.alloca.h.8.dfc0c703c47ec3e69746825b17d9e66d
                           .group:00000000 wm4.stdlib.h.56.d4493cd3736e51e9d56335045f26df45
                           .group:00000000 wm4.compiler.h.88.0e6ad966134fa012ce9a34053d3f48aa
                           .group:00000000 wm4.interrupt_sam_nvic.h.45.4876da6c127868305d66389e87e0876f
                           .group:00000000 wm4.compiler.h.425.66dd29c210af3287ed85ec3553a3e6b1

NO UNDEFINED SYMBOLS
